[Mon Sep 09 20:03:49.643682 2024] [ssl:warn] [pid 15688:tid 460] AH01909: www.example.com:443:0 server certificate does NOT include an ID which matches the server name
[Mon Sep 09 20:03:49.685682 2024] [ssl:warn] [pid 15688:tid 460] AH01909: www.example.com:443:0 server certificate does NOT include an ID which matches the server name
[Mon Sep 09 20:03:53.568669 2024] [mpm_winnt:notice] [pid 15688:tid 460] AH00455: Apache/2.4.56 (Win64) OpenSSL/1.1.1t PHP/8.2.4 configured -- resuming normal operations
[Mon Sep 09 20:03:53.568669 2024] [mpm_winnt:notice] [pid 15688:tid 460] AH00456: Apache Lounge VS16 Server built: Mar  7 2023 13:21:03
[Mon Sep 09 20:03:53.568669 2024] [core:notice] [pid 15688:tid 460] AH00094: Command line: 'apache\\bin\\httpd.exe -d C:/Users/ida-0/Documents/GitHub/moodle-1/server/apache -f conf\\httpd.conf'
[Mon Sep 09 20:03:53.595664 2024] [mpm_winnt:notice] [pid 15688:tid 460] AH00418: Parent: Created child process 5100
[Mon Sep 09 20:03:53.896665 2024] [ssl:warn] [pid 5100:tid 484] AH01909: www.example.com:443:0 server certificate does NOT include an ID which matches the server name
[Mon Sep 09 20:03:53.922665 2024] [ssl:warn] [pid 5100:tid 484] AH01909: www.example.com:443:0 server certificate does NOT include an ID which matches the server name
[Mon Sep 09 20:03:53.952665 2024] [mpm_winnt:notice] [pid 5100:tid 484] AH00354: Child: Starting 150 worker threads.
[Mon Sep 09 20:07:20.527518 2024] [php:warn] [pid 5100:tid 1948] [client ::1:53358] PHP Warning:  mysqli::__construct(): (HY000/1045): Access denied for user 'root'@'localhost' (using password: YES) in C:\\Users\\ida-0\\Documents\\GitHub\\moodle-1\\server\\moodle\\lib\\dml\\mysqli_native_moodle_database.php on line 91, referer: http://localhost/install.php
[Mon Sep 09 20:08:51.497224 2024] [mpm_winnt:notice] [pid 15688:tid 460] AH00422: Parent: Received shutdown signal -- Shutting down the server.
[Mon Sep 09 20:09:02.142184 2024] [mpm_winnt:notice] [pid 5100:tid 484] AH00364: Child: All worker threads have exited.
[Mon Sep 09 20:09:02.185101 2024] [mpm_winnt:notice] [pid 15688:tid 460] AH00430: Parent: Child process 5100 exited successfully.
[Mon Sep 09 20:27:45.625434 2024] [ssl:warn] [pid 14036:tid 476] AH01909: www.example.com:443:0 server certificate does NOT include an ID which matches the server name
[Mon Sep 09 20:27:45.650551 2024] [ssl:warn] [pid 14036:tid 476] AH01909: www.example.com:443:0 server certificate does NOT include an ID which matches the server name
[Mon Sep 09 20:27:45.690548 2024] [mpm_winnt:notice] [pid 14036:tid 476] AH00455: Apache/2.4.56 (Win64) OpenSSL/1.1.1t PHP/8.2.4 configured -- resuming normal operations
[Mon Sep 09 20:27:45.690548 2024] [mpm_winnt:notice] [pid 14036:tid 476] AH00456: Apache Lounge VS16 Server built: Mar  7 2023 13:21:03
[Mon Sep 09 20:27:45.690548 2024] [core:notice] [pid 14036:tid 476] AH00094: Command line: 'apache\\bin\\httpd.exe -d C:/moodle-1/server/apache -f conf\\httpd.conf'
[Mon Sep 09 20:27:45.694551 2024] [mpm_winnt:notice] [pid 14036:tid 476] AH00418: Parent: Created child process 15832
[Mon Sep 09 20:27:45.942981 2024] [ssl:warn] [pid 15832:tid 460] AH01909: www.example.com:443:0 server certificate does NOT include an ID which matches the server name
[Mon Sep 09 20:27:45.965981 2024] [ssl:warn] [pid 15832:tid 460] AH01909: www.example.com:443:0 server certificate does NOT include an ID which matches the server name
[Mon Sep 09 20:27:45.996981 2024] [mpm_winnt:notice] [pid 15832:tid 460] AH00354: Child: Starting 150 worker threads.
[Mon Sep 09 20:29:53.250382 2024] [php:warn] [pid 15832:tid 1960] [client ::1:53784] PHP Warning:  mysqli::__construct(): (HY000/1045): Access denied for user 'root'@'localhost' (using password: YES) in C:\\moodle-1\\server\\moodle\\lib\\dml\\mysqli_native_moodle_database.php on line 91, referer: http://localhost/install.php
[Mon Sep 09 20:30:18.188008 2024] [php:warn] [pid 15832:tid 1956] [client ::1:53785] PHP Warning:  mysqli::__construct(): (HY000/1045): Access denied for user 'root'@'localhost' (using password: NO) in C:\\moodle-1\\server\\moodle\\lib\\dml\\mysqli_native_moodle_database.php on line 91, referer: http://localhost/install.php
[Mon Sep 09 20:32:29.334833 2024] [php:warn] [pid 15832:tid 1956] [client ::1:53866] PHP Warning:  mysqli::__construct(): (HY000/1045): Access denied for user 'root'@'localhost' (using password: NO) in C:\\moodle-1\\server\\moodle\\lib\\dml\\mysqli_native_moodle_database.php on line 91, referer: http://localhost/install.php
[Mon Sep 09 20:33:55.661740 2024] [mpm_winnt:notice] [pid 14036:tid 476] AH00422: Parent: Received shutdown signal -- Shutting down the server.
[Mon Sep 09 20:34:25.675839 2024] [mpm_winnt:notice] [pid 14036:tid 476] AH00431: Parent: Forcing termination of child process 15832
[Mon Sep 09 20:34:49.321346 2024] [ssl:warn] [pid 5652:tid 472] AH01909: www.example.com:443:0 server certificate does NOT include an ID which matches the server name
[Mon Sep 09 20:34:49.343349 2024] [ssl:warn] [pid 5652:tid 472] AH01909: www.example.com:443:0 server certificate does NOT include an ID which matches the server name
[Mon Sep 09 20:34:49.375346 2024] [mpm_winnt:notice] [pid 5652:tid 472] AH00455: Apache/2.4.56 (Win64) OpenSSL/1.1.1t PHP/8.2.4 configured -- resuming normal operations
[Mon Sep 09 20:34:49.375346 2024] [mpm_winnt:notice] [pid 5652:tid 472] AH00456: Apache Lounge VS16 Server built: Mar  7 2023 13:21:03
[Mon Sep 09 20:34:49.375346 2024] [core:notice] [pid 5652:tid 472] AH00094: Command line: 'apache\\bin\\httpd.exe -d C:/moodle-1/server/apache -f conf\\httpd.conf'
[Mon Sep 09 20:34:49.378346 2024] [mpm_winnt:notice] [pid 5652:tid 472] AH00418: Parent: Created child process 9804
[Mon Sep 09 20:34:49.619360 2024] [ssl:warn] [pid 9804:tid 468] AH01909: www.example.com:443:0 server certificate does NOT include an ID which matches the server name
[Mon Sep 09 20:34:49.639359 2024] [ssl:warn] [pid 9804:tid 468] AH01909: www.example.com:443:0 server certificate does NOT include an ID which matches the server name
[Mon Sep 09 20:34:49.666359 2024] [mpm_winnt:notice] [pid 9804:tid 468] AH00354: Child: Starting 150 worker threads.
[Mon Sep 09 20:35:08.739867 2024] [php:warn] [pid 9804:tid 1936] [client ::1:53917] PHP Warning:  mysqli::__construct(): (HY000/1045): Access denied for user 'root'@'localhost' (using password: NO) in C:\\moodle-1\\server\\moodle\\lib\\dml\\mysqli_native_moodle_database.php on line 91, referer: http://localhost/install.php
[Mon Sep 09 20:35:18.661871 2024] [php:warn] [pid 9804:tid 1892] [client ::1:53918] PHP Warning:  mysqli::__construct(): (HY000/1045): Access denied for user 'root'@'localhost' (using password: YES) in C:\\moodle-1\\server\\moodle\\lib\\dml\\mysqli_native_moodle_database.php on line 91, referer: http://localhost/install.php
[Mon Sep 09 20:36:41.447915 2024] [php:warn] [pid 9804:tid 1936] [client ::1:53942] PHP Warning:  mysqli::__construct(): (HY000/1045): Access denied for user 'root'@'localhost' (using password: NO) in C:\\moodle-1\\server\\moodle\\lib\\dml\\mysqli_native_moodle_database.php on line 91, referer: http://localhost/install.php
[Mon Sep 09 20:36:47.229514 2024] [php:warn] [pid 9804:tid 1892] [client ::1:53943] PHP Warning:  mysqli::__construct(): (HY000/1045): Access denied for user 'root'@'localhost' (using password: NO) in C:\\moodle-1\\server\\moodle\\lib\\dml\\mysqli_native_moodle_database.php on line 91, referer: http://localhost/install.php
[Mon Sep 09 20:40:20.993424 2024] [php:warn] [pid 9804:tid 1936] [client ::1:53954] PHP Warning:  mysqli::__construct(): (HY000/2002): No connection could be made because the target machine actively refused it in C:\\moodle-1\\server\\moodle\\lib\\dml\\mysqli_native_moodle_database.php on line 91, referer: http://localhost/install.php
[Mon Sep 09 20:42:51.516429 2024] [php:warn] [pid 9804:tid 1892] [client ::1:54195] PHP Warning:  mysqli::__construct(): (HY000/1045): Access denied for user 'root'@'localhost' (using password: YES) in C:\\moodle-1\\server\\moodle\\lib\\dml\\mysqli_native_moodle_database.php on line 91, referer: http://localhost/install.php
[Mon Sep 09 21:00:25.918442 2024] [mpm_winnt:notice] [pid 5652:tid 472] AH00422: Parent: Received shutdown signal -- Shutting down the server.
[Mon Sep 09 21:00:42.037927 2024] [mpm_winnt:notice] [pid 9804:tid 468] AH00364: Child: All worker threads have exited.
[Mon Sep 09 21:00:42.077917 2024] [mpm_winnt:notice] [pid 5652:tid 472] AH00430: Parent: Child process 9804 exited successfully.
[Mon Sep 09 21:18:27.543773 2024] [ssl:warn] [pid 15188:tid 452] AH01909: www.example.com:443:0 server certificate does NOT include an ID which matches the server name
[Mon Sep 09 21:18:27.565775 2024] [ssl:warn] [pid 15188:tid 452] AH01909: www.example.com:443:0 server certificate does NOT include an ID which matches the server name
[Mon Sep 09 21:18:27.592771 2024] [mpm_winnt:notice] [pid 15188:tid 452] AH00455: Apache/2.4.56 (Win64) OpenSSL/1.1.1t PHP/8.2.4 configured -- resuming normal operations
[Mon Sep 09 21:18:27.592771 2024] [mpm_winnt:notice] [pid 15188:tid 452] AH00456: Apache Lounge VS16 Server built: Mar  7 2023 13:21:03
[Mon Sep 09 21:18:27.592771 2024] [core:notice] [pid 15188:tid 452] AH00094: Command line: 'apache\\bin\\httpd.exe -d C:/moodle-1/server/apache -f conf\\httpd.conf'
[Mon Sep 09 21:18:27.597771 2024] [mpm_winnt:notice] [pid 15188:tid 452] AH00418: Parent: Created child process 12712
[Mon Sep 09 21:18:27.766773 2024] [ssl:warn] [pid 12712:tid 432] AH01909: www.example.com:443:0 server certificate does NOT include an ID which matches the server name
[Mon Sep 09 21:18:27.785773 2024] [ssl:warn] [pid 12712:tid 432] AH01909: www.example.com:443:0 server certificate does NOT include an ID which matches the server name
[Mon Sep 09 21:18:27.811785 2024] [mpm_winnt:notice] [pid 12712:tid 432] AH00354: Child: Starting 150 worker threads.
[Mon Sep 09 21:19:07.760905 2024] [mpm_winnt:notice] [pid 15188:tid 452] AH00422: Parent: Received shutdown signal -- Shutting down the server.
[Mon Sep 09 21:19:09.769711 2024] [mpm_winnt:notice] [pid 12712:tid 432] AH00364: Child: All worker threads have exited.
[Mon Sep 09 21:19:09.790539 2024] [mpm_winnt:notice] [pid 15188:tid 452] AH00430: Parent: Child process 12712 exited successfully.
[Mon Sep 09 21:40:55.819595 2024] [ssl:warn] [pid 5504:tid 436] AH01909: www.example.com:443:0 server certificate does NOT include an ID which matches the server name
[Mon Sep 09 21:40:55.842594 2024] [ssl:warn] [pid 5504:tid 436] AH01909: www.example.com:443:0 server certificate does NOT include an ID which matches the server name
[Mon Sep 09 21:40:55.872595 2024] [mpm_winnt:notice] [pid 5504:tid 436] AH00455: Apache/2.4.56 (Win64) OpenSSL/1.1.1t PHP/8.2.4 configured -- resuming normal operations
[Mon Sep 09 21:40:55.872595 2024] [mpm_winnt:notice] [pid 5504:tid 436] AH00456: Apache Lounge VS16 Server built: Mar  7 2023 13:21:03
[Mon Sep 09 21:40:55.872595 2024] [core:notice] [pid 5504:tid 436] AH00094: Command line: 'apache\\bin\\httpd.exe -d C:/moodle-1/server/apache -f conf\\httpd.conf'
[Mon Sep 09 21:40:55.875595 2024] [mpm_winnt:notice] [pid 5504:tid 436] AH00418: Parent: Created child process 22784
[Mon Sep 09 21:40:56.049594 2024] [ssl:warn] [pid 22784:tid 456] AH01909: www.example.com:443:0 server certificate does NOT include an ID which matches the server name
[Mon Sep 09 21:40:56.068594 2024] [ssl:warn] [pid 22784:tid 456] AH01909: www.example.com:443:0 server certificate does NOT include an ID which matches the server name
[Mon Sep 09 21:40:56.094597 2024] [mpm_winnt:notice] [pid 22784:tid 456] AH00354: Child: Starting 150 worker threads.
[Mon Sep 09 21:42:44.296254 2024] [mpm_winnt:notice] [pid 5504:tid 436] AH00422: Parent: Received shutdown signal -- Shutting down the server.
[Mon Sep 09 21:42:46.324614 2024] [mpm_winnt:notice] [pid 22784:tid 456] AH00364: Child: All worker threads have exited.
[Mon Sep 09 21:42:46.364401 2024] [mpm_winnt:notice] [pid 5504:tid 436] AH00430: Parent: Child process 22784 exited successfully.
[Mon Sep 09 23:03:24.046485 2024] [ssl:warn] [pid 10912:tid 428] AH01909: www.example.com:443:0 server certificate does NOT include an ID which matches the server name
[Mon Sep 09 23:03:24.082490 2024] [ssl:warn] [pid 10912:tid 428] AH01909: www.example.com:443:0 server certificate does NOT include an ID which matches the server name
[Mon Sep 09 23:03:24.626485 2024] [mpm_winnt:notice] [pid 10912:tid 428] AH00455: Apache/2.4.56 (Win64) OpenSSL/1.1.1t PHP/8.2.4 configured -- resuming normal operations
[Mon Sep 09 23:03:24.626485 2024] [mpm_winnt:notice] [pid 10912:tid 428] AH00456: Apache Lounge VS16 Server built: Mar  7 2023 13:21:03
[Mon Sep 09 23:03:24.626485 2024] [core:notice] [pid 10912:tid 428] AH00094: Command line: 'apache\\bin\\httpd.exe -d C:/moodle-1/server/apache -f conf\\httpd.conf'
[Mon Sep 09 23:03:24.632489 2024] [mpm_winnt:notice] [pid 10912:tid 428] AH00418: Parent: Created child process 11800
[Mon Sep 09 23:03:24.937487 2024] [ssl:warn] [pid 11800:tid 432] AH01909: www.example.com:443:0 server certificate does NOT include an ID which matches the server name
[Mon Sep 09 23:03:24.971490 2024] [ssl:warn] [pid 11800:tid 432] AH01909: www.example.com:443:0 server certificate does NOT include an ID which matches the server name
[Mon Sep 09 23:03:25.010485 2024] [mpm_winnt:notice] [pid 11800:tid 432] AH00354: Child: Starting 150 worker threads.
[Mon Sep 09 23:13:09.303633 2024] [mpm_winnt:notice] [pid 10912:tid 428] AH00422: Parent: Received shutdown signal -- Shutting down the server.
[Mon Sep 09 23:13:11.330936 2024] [mpm_winnt:notice] [pid 11800:tid 432] AH00364: Child: All worker threads have exited.
[Mon Sep 09 23:13:11.373443 2024] [mpm_winnt:notice] [pid 10912:tid 428] AH00430: Parent: Child process 11800 exited successfully.
[Mon Sep 09 23:51:42.508768 2024] [ssl:warn] [pid 13104:tid 440] AH01909: www.example.com:443:0 server certificate does NOT include an ID which matches the server name
[Mon Sep 09 23:51:42.543769 2024] [ssl:warn] [pid 13104:tid 440] AH01909: www.example.com:443:0 server certificate does NOT include an ID which matches the server name
[Mon Sep 09 23:51:42.580769 2024] [mpm_winnt:notice] [pid 13104:tid 440] AH00455: Apache/2.4.56 (Win64) OpenSSL/1.1.1t PHP/8.2.4 configured -- resuming normal operations
[Mon Sep 09 23:51:42.580769 2024] [mpm_winnt:notice] [pid 13104:tid 440] AH00456: Apache Lounge VS16 Server built: Mar  7 2023 13:21:03
[Mon Sep 09 23:51:42.580769 2024] [core:notice] [pid 13104:tid 440] AH00094: Command line: 'apache\\bin\\httpd.exe -d C:/moodle-1/server/apache -f conf\\httpd.conf'
[Mon Sep 09 23:51:42.585769 2024] [mpm_winnt:notice] [pid 13104:tid 440] AH00418: Parent: Created child process 14224
[Mon Sep 09 23:51:42.997913 2024] [ssl:warn] [pid 14224:tid 456] AH01909: www.example.com:443:0 server certificate does NOT include an ID which matches the server name
[Mon Sep 09 23:51:43.031912 2024] [ssl:warn] [pid 14224:tid 456] AH01909: www.example.com:443:0 server certificate does NOT include an ID which matches the server name
[Mon Sep 09 23:51:43.070913 2024] [mpm_winnt:notice] [pid 14224:tid 456] AH00354: Child: Starting 150 worker threads.
[Fri Sep 13 20:45:07.369667 2024] [ssl:warn] [pid 20208:tid 440] AH01909: www.example.com:443:0 server certificate does NOT include an ID which matches the server name
[Fri Sep 13 20:45:07.394667 2024] [core:warn] [pid 20208:tid 440] AH00098: pid file C:/moodle-1-carls-plugin-example/server/apache/logs/httpd.pid overwritten -- Unclean shutdown of previous Apache run?
[Fri Sep 13 20:45:07.396670 2024] [ssl:warn] [pid 20208:tid 440] AH01909: www.example.com:443:0 server certificate does NOT include an ID which matches the server name
[Fri Sep 13 20:45:07.766667 2024] [mpm_winnt:notice] [pid 20208:tid 440] AH00455: Apache/2.4.56 (Win64) OpenSSL/1.1.1t PHP/8.2.4 configured -- resuming normal operations
[Fri Sep 13 20:45:07.766667 2024] [mpm_winnt:notice] [pid 20208:tid 440] AH00456: Apache Lounge VS16 Server built: Mar  7 2023 13:21:03
[Fri Sep 13 20:45:07.766667 2024] [core:notice] [pid 20208:tid 440] AH00094: Command line: 'apache\\bin\\httpd.exe -d C:/moodle-1-carls-plugin-example/server/apache -f conf\\httpd.conf'
[Fri Sep 13 20:45:07.769667 2024] [mpm_winnt:notice] [pid 20208:tid 440] AH00418: Parent: Created child process 21272
[Fri Sep 13 20:45:08.007667 2024] [ssl:warn] [pid 21272:tid 468] AH01909: www.example.com:443:0 server certificate does NOT include an ID which matches the server name
[Fri Sep 13 20:45:08.029667 2024] [ssl:warn] [pid 21272:tid 468] AH01909: www.example.com:443:0 server certificate does NOT include an ID which matches the server name
[Fri Sep 13 20:45:08.054668 2024] [mpm_winnt:notice] [pid 21272:tid 468] AH00354: Child: Starting 150 worker threads.
[Fri Sep 13 20:45:28.874758 2024] [php:warn] [pid 21272:tid 1888] [client ::1:58051] PHP Warning:  mysqli::__construct(): (HY000/1045): Access denied for user 'root'@'localhost' (using password: YES) in C:\\moodle-1-carls-plugin-example\\server\\moodle\\lib\\dml\\mysqli_native_moodle_database.php on line 91, referer: http://localhost/install.php
[Sat Sep 14 00:19:53.075553 2024] [mpm_winnt:notice] [pid 20208:tid 440] AH00422: Parent: Received shutdown signal -- Shutting down the server.
[Sat Sep 14 00:19:55.093953 2024] [mpm_winnt:notice] [pid 21272:tid 468] AH00364: Child: All worker threads have exited.
[Sat Sep 14 00:19:55.159411 2024] [mpm_winnt:notice] [pid 20208:tid 440] AH00430: Parent: Child process 21272 exited successfully.
[Sat Sep 14 22:04:12.440286 2024] [ssl:warn] [pid 16656:tid 440] AH01909: www.example.com:443:0 server certificate does NOT include an ID which matches the server name
[Sat Sep 14 22:04:12.466287 2024] [ssl:warn] [pid 16656:tid 440] AH01909: www.example.com:443:0 server certificate does NOT include an ID which matches the server name
[Sat Sep 14 22:04:12.954286 2024] [mpm_winnt:notice] [pid 16656:tid 440] AH00455: Apache/2.4.56 (Win64) OpenSSL/1.1.1t PHP/8.2.4 configured -- resuming normal operations
[Sat Sep 14 22:04:12.954286 2024] [mpm_winnt:notice] [pid 16656:tid 440] AH00456: Apache Lounge VS16 Server built: Mar  7 2023 13:21:03
[Sat Sep 14 22:04:12.954286 2024] [core:notice] [pid 16656:tid 440] AH00094: Command line: 'apache\\bin\\httpd.exe -d C:/moodle-1-carls-plugin-example/server/apache -f conf\\httpd.conf'
[Sat Sep 14 22:04:12.959286 2024] [mpm_winnt:notice] [pid 16656:tid 440] AH00418: Parent: Created child process 23968
[Sat Sep 14 22:04:13.206287 2024] [ssl:warn] [pid 23968:tid 464] AH01909: www.example.com:443:0 server certificate does NOT include an ID which matches the server name
[Sat Sep 14 22:04:13.230287 2024] [ssl:warn] [pid 23968:tid 464] AH01909: www.example.com:443:0 server certificate does NOT include an ID which matches the server name
[Sat Sep 14 22:04:13.258287 2024] [mpm_winnt:notice] [pid 23968:tid 464] AH00354: Child: Starting 150 worker threads.
[Sat Sep 14 22:28:24.501884 2024] [mpm_winnt:notice] [pid 16656:tid 440] AH00422: Parent: Received shutdown signal -- Shutting down the server.
[Sat Sep 14 22:28:29.482036 2024] [mpm_winnt:notice] [pid 23968:tid 464] AH00364: Child: All worker threads have exited.
[Sat Sep 14 22:28:29.531035 2024] [mpm_winnt:notice] [pid 16656:tid 440] AH00430: Parent: Child process 23968 exited successfully.
[Sat Sep 14 22:30:03.743606 2024] [ssl:warn] [pid 26268:tid 448] AH01909: www.example.com:443:0 server certificate does NOT include an ID which matches the server name
[Sat Sep 14 22:30:03.768607 2024] [ssl:warn] [pid 26268:tid 448] AH01909: www.example.com:443:0 server certificate does NOT include an ID which matches the server name
[Sat Sep 14 22:30:03.794606 2024] [mpm_winnt:notice] [pid 26268:tid 448] AH00455: Apache/2.4.56 (Win64) OpenSSL/1.1.1t PHP/8.2.4 configured -- resuming normal operations
[Sat Sep 14 22:30:03.794606 2024] [mpm_winnt:notice] [pid 26268:tid 448] AH00456: Apache Lounge VS16 Server built: Mar  7 2023 13:21:03
[Sat Sep 14 22:30:03.794606 2024] [core:notice] [pid 26268:tid 448] AH00094: Command line: 'apache\\bin\\httpd.exe -d C:/moodle-1-carls-plugin-example/server/apache -f conf\\httpd.conf'
[Sat Sep 14 22:30:03.797606 2024] [mpm_winnt:notice] [pid 26268:tid 448] AH00418: Parent: Created child process 31372
[Sat Sep 14 22:30:04.047607 2024] [ssl:warn] [pid 31372:tid 464] AH01909: www.example.com:443:0 server certificate does NOT include an ID which matches the server name
[Sat Sep 14 22:30:04.070607 2024] [ssl:warn] [pid 31372:tid 464] AH01909: www.example.com:443:0 server certificate does NOT include an ID which matches the server name
[Sat Sep 14 22:30:04.096607 2024] [mpm_winnt:notice] [pid 31372:tid 464] AH00354: Child: Starting 150 worker threads.
[Sat Sep 14 22:33:36.981019 2024] [php:notice] [pid 31372:tid 1900] [client ::1:63138] [client 0:0:0:0:0:0:0:1]  http://localhost  Invalid Login Token:  admin  Mozilla/5.0 (Windows NT 10.0; Win64; x64) AppleWebKit/537.36 (KHTML, like Gecko) Chrome/128.0.0.0 Safari/537.36, referer: http://localhost/login/index.php
[Sat Sep 14 22:34:11.402178 2024] [mpm_winnt:notice] [pid 26268:tid 448] AH00422: Parent: Received shutdown signal -- Shutting down the server.
[Sat Sep 14 22:34:41.416863 2024] [mpm_winnt:notice] [pid 26268:tid 448] AH00431: Parent: Forcing termination of child process 31372
[Sat Sep 14 22:40:21.167048 2024] [ssl:warn] [pid 26000:tid 460] AH01909: www.example.com:443:0 server certificate does NOT include an ID which matches the server name
[Sat Sep 14 22:40:21.191049 2024] [ssl:warn] [pid 26000:tid 460] AH01909: www.example.com:443:0 server certificate does NOT include an ID which matches the server name
[Sat Sep 14 22:40:21.218047 2024] [mpm_winnt:notice] [pid 26000:tid 460] AH00455: Apache/2.4.56 (Win64) OpenSSL/1.1.1t PHP/8.2.4 configured -- resuming normal operations
[Sat Sep 14 22:40:21.218047 2024] [mpm_winnt:notice] [pid 26000:tid 460] AH00456: Apache Lounge VS16 Server built: Mar  7 2023 13:21:03
[Sat Sep 14 22:40:21.218047 2024] [core:notice] [pid 26000:tid 460] AH00094: Command line: 'apache\\bin\\httpd.exe -d C:/moodle-1-carls-plugin-example/server/apache -f conf\\httpd.conf'
[Sat Sep 14 22:40:21.221048 2024] [mpm_winnt:notice] [pid 26000:tid 460] AH00418: Parent: Created child process 10688
[Sat Sep 14 22:40:21.461049 2024] [ssl:warn] [pid 10688:tid 484] AH01909: www.example.com:443:0 server certificate does NOT include an ID which matches the server name
[Sat Sep 14 22:40:21.483047 2024] [ssl:warn] [pid 10688:tid 484] AH01909: www.example.com:443:0 server certificate does NOT include an ID which matches the server name
[Sat Sep 14 22:40:21.508049 2024] [mpm_winnt:notice] [pid 10688:tid 484] AH00354: Child: Starting 150 worker threads.
[Sat Sep 14 23:14:29.563410 2024] [mpm_winnt:notice] [pid 26000:tid 460] AH00422: Parent: Received shutdown signal -- Shutting down the server.
[Sat Sep 14 23:14:31.567484 2024] [mpm_winnt:notice] [pid 10688:tid 484] AH00364: Child: All worker threads have exited.
[Sat Sep 14 23:14:31.609485 2024] [mpm_winnt:notice] [pid 26000:tid 460] AH00430: Parent: Child process 10688 exited successfully.
[Sat Sep 14 23:14:52.573298 2024] [ssl:warn] [pid 30484:tid 444] AH01909: www.example.com:443:0 server certificate does NOT include an ID which matches the server name
[Sat Sep 14 23:14:52.599299 2024] [ssl:warn] [pid 30484:tid 444] AH01909: www.example.com:443:0 server certificate does NOT include an ID which matches the server name
[Sat Sep 14 23:14:52.639297 2024] [mpm_winnt:notice] [pid 30484:tid 444] AH00455: Apache/2.4.56 (Win64) OpenSSL/1.1.1t PHP/8.2.4 configured -- resuming normal operations
[Sat Sep 14 23:14:52.639297 2024] [mpm_winnt:notice] [pid 30484:tid 444] AH00456: Apache Lounge VS16 Server built: Mar  7 2023 13:21:03
[Sat Sep 14 23:14:52.639297 2024] [core:notice] [pid 30484:tid 444] AH00094: Command line: 'apache\\bin\\httpd.exe -d C:/moodle-1-carls-plugin-example/server/apache -f conf\\httpd.conf'
[Sat Sep 14 23:14:52.643297 2024] [mpm_winnt:notice] [pid 30484:tid 444] AH00418: Parent: Created child process 24896
Apache server shutdown initiated...
sl:warn] [pid 24896:tid 504] AH01909: www.example.com:443:0 server certificate does NOT include an ID which matches the server name
[Sat Sep 14 23:14:52.923298 2024] [ssl:warn] [pid 24896:tid 504] AH01909: www.example.com:443:0 server certificate does NOT include an ID which matches the server name
[Sat Sep 14 23:14:52.951300 2024] [mpm_winnt:notice] [pid 24896:tid 504] AH00354: Child: Starting 150 worker threads.
[Sun Sep 15 00:31:47.591317 2024] [mpm_winnt:notice] [pid 30484:tid 444] AH00422: Parent: Received shutdown signal -- Shutting down the server.
[Sun Sep 15 00:31:49.617479 2024] [mpm_winnt:notice] [pid 24896:tid 504] AH00364: Child: All worker threads have exited.
[Sun Sep 15 00:31:49.658007 2024] [mpm_winnt:notice] [pid 30484:tid 444] AH00430: Parent: Child process 24896 exited successfully.
[Sun Sep 15 00:32:18.093578 2024] [ssl:warn] [pid 31676:tid 440] AH01909: www.example.com:443:0 server certificate does NOT include an ID which matches the server name
[Sun Sep 15 00:32:18.119578 2024] [ssl:warn] [pid 31676:tid 440] AH01909: www.example.com:443:0 server certificate does NOT include an ID which matches the server name
[Sun Sep 15 00:32:18.593577 2024] [mpm_winnt:notice] [pid 31676:tid 440] AH00455: Apache/2.4.56 (Win64) OpenSSL/1.1.1t PHP/8.2.4 configured -- resuming normal operations
[Sun Sep 15 00:32:18.593577 2024] [mpm_winnt:notice] [pid 31676:tid 440] AH00456: Apache Lounge VS16 Server built: Mar  7 2023 13:21:03
[Sun Sep 15 00:32:18.593577 2024] [core:notice] [pid 31676:tid 440] AH00094: Command line: 'apache\\bin\\httpd.exe -d C:/moodle-1-carls-plugin-example/server/apache -f conf\\httpd.conf'
[Sun Sep 15 00:32:18.597578 2024] [mpm_winnt:notice] [pid 31676:tid 440] AH00418: Parent: Created child process 22936
Apache server shutdown initiated...
sl:warn] [pid 22936:tid 472] AH01909: www.example.com:443:0 server certificate does NOT include an ID which matches the server name
[Sun Sep 15 00:32:18.862577 2024] [ssl:warn] [pid 22936:tid 472] AH01909: www.example.com:443:0 server certificate does NOT include an ID which matches the server name
[Sun Sep 15 00:32:18.889578 2024] [mpm_winnt:notice] [pid 22936:tid 472] AH00354: Child: Starting 150 worker threads.
[Sun Sep 15 00:44:56.252449 2024] [php:error] [pid 22936:tid 1856] [client ::1:52846] script 'C:/moodle-1-carls-plugin-example/server/moodle/local/message/makekahoot/veiw.php' not found or unable to stat
[Sun Sep 15 00:45:12.365219 2024] [mpm_winnt:notice] [pid 31676:tid 440] AH00422: Parent: Received shutdown signal -- Shutting down the server.
[Sun Sep 15 00:45:47.099830 2024] [mpm_winnt:notice] [pid 22936:tid 472] AH00362: Child: Waiting 270 more seconds for 1 worker threads to finish.
[Sun Sep 15 00:45:51.253677 2024] [ssl:warn] [pid 12892:tid 444] AH01909: www.example.com:443:0 server certificate does NOT include an ID which matches the server name
[Sun Sep 15 00:45:51.275677 2024] [core:warn] [pid 12892:tid 444] AH00098: pid file C:/moodle-1-carls-plugin-example/server/apache/logs/httpd.pid overwritten -- Unclean shutdown of previous Apache run?
[Sun Sep 15 00:45:51.277677 2024] [ssl:warn] [pid 12892:tid 444] AH01909: www.example.com:443:0 server certificate does NOT include an ID which matches the server name
[Sun Sep 15 00:45:51.301676 2024] [mpm_winnt:notice] [pid 12892:tid 444] AH00455: Apache/2.4.56 (Win64) OpenSSL/1.1.1t PHP/8.2.4 configured -- resuming normal operations
[Sun Sep 15 00:45:51.301676 2024] [mpm_winnt:notice] [pid 12892:tid 444] AH00456: Apache Lounge VS16 Server built: Mar  7 2023 13:21:03
[Sun Sep 15 00:45:51.301676 2024] [core:notice] [pid 12892:tid 444] AH00094: Command line: 'apache\\bin\\httpd.exe -d C:/moodle-1-carls-plugin-example/server/apache -f conf\\httpd.conf'
[Sun Sep 15 00:45:51.305678 2024] [mpm_winnt:notice] [pid 12892:tid 444] AH00418: Parent: Created child process 20428
[Sun Sep 15 00:45:51.553677 2024] [ssl:warn] [pid 20428:tid 468] AH01909: www.example.com:443:0 server certificate does NOT include an ID which matches the server name
[Sun Sep 15 00:45:51.576677 2024] [ssl:warn] [pid 20428:tid 468] AH01909: www.example.com:443:0 server certificate does NOT include an ID which matches the server name
[Sun Sep 15 00:45:51.602678 2024] [mpm_winnt:notice] [pid 20428:tid 468] AH00354: Child: Starting 150 worker threads.
[Sun Sep 15 00:46:05.891179 2024] [php:error] [pid 20428:tid 1948] [client ::1:52907] script 'C:/moodle-1-carls-plugin-example/server/moodle/local/message/makekahoot/veiw.php' not found or unable to stat
[Sun Sep 15 00:46:05.930178 2024] [mpm_winnt:notice] [pid 22936:tid 472] AH00364: Child: All worker threads have exited.
[Sun Sep 15 00:46:35.720044 2024] [php:error] [pid 20428:tid 1932] [client ::1:52908] script 'C:/moodle-1-carls-plugin-example/server/moodle/local/message/makekahoot/veiw.php' not found or unable to stat
[Sun Sep 15 00:46:36.593499 2024] [php:error] [pid 20428:tid 1932] [client ::1:52908] script 'C:/moodle-1-carls-plugin-example/server/moodle/local/message/makekahoot/veiw.php' not found or unable to stat
[Sun Sep 15 00:47:32.823418 2024] [php:error] [pid 20428:tid 1948] [client ::1:52932] script 'C:/moodle-1-carls-plugin-example/server/moodle/local/message/makekahoot/veiw.php' not found or unable to stat
[Sun Sep 15 00:50:54.342509 2024] [php:error] [pid 20428:tid 1932] [client ::1:53134] script 'C:/moodle-1-carls-plugin-example/server/moodle/local/message/makekahoot/veiw.php' not found or unable to stat
[Sun Sep 15 00:50:55.181851 2024] [php:error] [pid 20428:tid 1932] [client ::1:53134] script 'C:/moodle-1-carls-plugin-example/server/moodle/local/message/makekahoot/veiw.php' not found or unable to stat
[Sun Sep 15 00:51:54.931066 2024] [mpm_winnt:notice] [pid 12892:tid 444] AH00422: Parent: Received shutdown signal -- Shutting down the server.
[Sun Sep 15 00:51:56.951720 2024] [mpm_winnt:notice] [pid 20428:tid 468] AH00364: Child: All worker threads have exited.
[Sun Sep 15 00:51:56.971718 2024] [mpm_winnt:notice] [pid 12892:tid 444] AH00430: Parent: Child process 20428 exited successfully.
[Sun Sep 15 00:52:11.647875 2024] [ssl:warn] [pid 7824:tid 460] AH01909: www.example.com:443:0 server certificate does NOT include an ID which matches the server name
[Sun Sep 15 00:52:11.672875 2024] [ssl:warn] [pid 7824:tid 460] AH01909: www.example.com:443:0 server certificate does NOT include an ID which matches the server name
[Sun Sep 15 00:52:11.697875 2024] [mpm_winnt:notice] [pid 7824:tid 460] AH00455: Apache/2.4.56 (Win64) OpenSSL/1.1.1t PHP/8.2.4 configured -- resuming normal operations
[Sun Sep 15 00:52:11.697875 2024] [mpm_winnt:notice] [pid 7824:tid 460] AH00456: Apache Lounge VS16 Server built: Mar  7 2023 13:21:03
[Sun Sep 15 00:52:11.697875 2024] [core:notice] [pid 7824:tid 460] AH00094: Command line: 'apache\\bin\\httpd.exe -d C:/moodle-1-carls-plugin-example/server/apache -f conf\\httpd.conf'
[Sun Sep 15 00:52:11.701875 2024] [mpm_winnt:notice] [pid 7824:tid 460] AH00418: Parent: Created child process 7648
[Sun Sep 15 00:52:11.938875 2024] [ssl:warn] [pid 7648:tid 468] AH01909: www.example.com:443:0 server certificate does NOT include an ID which matches the server name
[Sun Sep 15 00:52:11.961875 2024] [ssl:warn] [pid 7648:tid 468] AH01909: www.example.com:443:0 server certificate does NOT include an ID which matches the server name
[Sun Sep 15 00:52:11.987876 2024] [mpm_winnt:notice] [pid 7648:tid 468] AH00354: Child: Starting 150 worker threads.
[Sun Sep 15 00:52:21.242497 2024] [php:error] [pid 7648:tid 1900] [client ::1:53211] script 'C:/moodle-1-carls-plugin-example/server/moodle/local/message/makekahoot/veiw.php' not found or unable to stat
[Sun Sep 15 00:52:22.391823 2024] [php:error] [pid 7648:tid 1900] [client ::1:53211] script 'C:/moodle-1-carls-plugin-example/server/moodle/local/message/makekahoot/veiw.php' not found or unable to stat
[Sun Sep 15 00:52:23.339222 2024] [php:error] [pid 7648:tid 1900] [client ::1:53211] script 'C:/moodle-1-carls-plugin-example/server/moodle/local/message/makekahoot/veiw.php' not found or unable to stat
[Sun Sep 15 00:52:24.510784 2024] [php:error] [pid 7648:tid 1900] [client ::1:53211] script 'C:/moodle-1-carls-plugin-example/server/moodle/local/message/makekahoot/veiw.php' not found or unable to stat
[Sun Sep 15 00:53:17.479321 2024] [php:warn] [pid 7648:tid 1900] [client ::1:53245] PHP Warning:  require_once(C:\\moodle-1-carls-plugin-example\\server\\moodle\\local\\message\\makekahoot/../../config.php): Failed to open stream: No such file or directory in C:\\moodle-1-carls-plugin-example\\server\\moodle\\local\\message\\makekahoot\\view.php on line 3
[Sun Sep 15 00:53:17.479321 2024] [php:error] [pid 7648:tid 1900] [client ::1:53245] PHP Fatal error:  Uncaught Error: Failed opening required 'C:\\moodle-1-carls-plugin-example\\server\\moodle\\local\\message\\makekahoot/../../config.php' (include_path='C:\\moodle-1-carls-plugin-example\\server\\php\\PEAR') in C:\\moodle-1-carls-plugin-example\\server\\moodle\\local\\message\\makekahoot\\view.php:3\nStack trace:\n#0 {main}\n  thrown in C:\\moodle-1-carls-plugin-example\\server\\moodle\\local\\message\\makekahoot\\view.php on line 3
[Sun Sep 15 00:54:06.850442 2024] [php:warn] [pid 7648:tid 1888] [client ::1:53307] PHP Warning:  require_once(C:\\moodle-1-carls-plugin-example\\server\\moodle\\local\\message\\makekahoot/../../config.php): Failed to open stream: No such file or directory in C:\\moodle-1-carls-plugin-example\\server\\moodle\\local\\message\\makekahoot\\view.php on line 3
[Sun Sep 15 00:54:06.850442 2024] [php:error] [pid 7648:tid 1888] [client ::1:53307] PHP Fatal error:  Uncaught Error: Failed opening required 'C:\\moodle-1-carls-plugin-example\\server\\moodle\\local\\message\\makekahoot/../../config.php' (include_path='C:\\moodle-1-carls-plugin-example\\server\\php\\PEAR') in C:\\moodle-1-carls-plugin-example\\server\\moodle\\local\\message\\makekahoot\\view.php:3\nStack trace:\n#0 {main}\n  thrown in C:\\moodle-1-carls-plugin-example\\server\\moodle\\local\\message\\makekahoot\\view.php on line 3
[Sun Sep 15 00:55:35.309875 2024] [php:warn] [pid 7648:tid 1900] [client ::1:53360] PHP Warning:  require_once(C:\\moodle-1-carls-plugin-example\\server\\moodle\\local\\message\\makekahoot/../../config.php): Failed to open stream: No such file or directory in C:\\moodle-1-carls-plugin-example\\server\\moodle\\local\\message\\makekahoot\\view.php on line 3
[Sun Sep 15 00:55:35.309875 2024] [php:error] [pid 7648:tid 1900] [client ::1:53360] PHP Fatal error:  Uncaught Error: Failed opening required 'C:\\moodle-1-carls-plugin-example\\server\\moodle\\local\\message\\makekahoot/../../config.php' (include_path='C:\\moodle-1-carls-plugin-example\\server\\php\\PEAR') in C:\\moodle-1-carls-plugin-example\\server\\moodle\\local\\message\\makekahoot\\view.php:3\nStack trace:\n#0 {main}\n  thrown in C:\\moodle-1-carls-plugin-example\\server\\moodle\\local\\message\\makekahoot\\view.php on line 3
[Sun Sep 15 00:55:36.402555 2024] [php:warn] [pid 7648:tid 1888] [client ::1:53361] PHP Warning:  require_once(C:\\moodle-1-carls-plugin-example\\server\\moodle\\local\\message\\makekahoot/../../config.php): Failed to open stream: No such file or directory in C:\\moodle-1-carls-plugin-example\\server\\moodle\\local\\message\\makekahoot\\view.php on line 3
[Sun Sep 15 00:55:36.402555 2024] [php:error] [pid 7648:tid 1888] [client ::1:53361] PHP Fatal error:  Uncaught Error: Failed opening required 'C:\\moodle-1-carls-plugin-example\\server\\moodle\\local\\message\\makekahoot/../../config.php' (include_path='C:\\moodle-1-carls-plugin-example\\server\\php\\PEAR') in C:\\moodle-1-carls-plugin-example\\server\\moodle\\local\\message\\makekahoot\\view.php:3\nStack trace:\n#0 {main}\n  thrown in C:\\moodle-1-carls-plugin-example\\server\\moodle\\local\\message\\makekahoot\\view.php on line 3
[Sun Sep 15 00:55:36.825070 2024] [php:warn] [pid 7648:tid 1900] [client ::1:53365] PHP Warning:  require_once(C:\\moodle-1-carls-plugin-example\\server\\moodle\\local\\message\\makekahoot/../../config.php): Failed to open stream: No such file or directory in C:\\moodle-1-carls-plugin-example\\server\\moodle\\local\\message\\makekahoot\\view.php on line 3
[Sun Sep 15 00:55:36.825070 2024] [php:error] [pid 7648:tid 1900] [client ::1:53365] PHP Fatal error:  Uncaught Error: Failed opening required 'C:\\moodle-1-carls-plugin-example\\server\\moodle\\local\\message\\makekahoot/../../config.php' (include_path='C:\\moodle-1-carls-plugin-example\\server\\php\\PEAR') in C:\\moodle-1-carls-plugin-example\\server\\moodle\\local\\message\\makekahoot\\view.php:3\nStack trace:\n#0 {main}\n  thrown in C:\\moodle-1-carls-plugin-example\\server\\moodle\\local\\message\\makekahoot\\view.php on line 3
[Sun Sep 15 00:55:54.279510 2024] [php:warn] [pid 7648:tid 1892] [client ::1:53375] PHP Warning:  require_once(C:\\moodle-1-carls-plugin-example\\server\\moodle\\local\\message\\makekahoot/../../config.php): Failed to open stream: No such file or directory in C:\\moodle-1-carls-plugin-example\\server\\moodle\\local\\message\\makekahoot\\view.php on line 3
[Sun Sep 15 00:55:54.279510 2024] [php:error] [pid 7648:tid 1892] [client ::1:53375] PHP Fatal error:  Uncaught Error: Failed opening required 'C:\\moodle-1-carls-plugin-example\\server\\moodle\\local\\message\\makekahoot/../../config.php' (include_path='C:\\moodle-1-carls-plugin-example\\server\\php\\PEAR') in C:\\moodle-1-carls-plugin-example\\server\\moodle\\local\\message\\makekahoot\\view.php:3\nStack trace:\n#0 {main}\n  thrown in C:\\moodle-1-carls-plugin-example\\server\\moodle\\local\\message\\makekahoot\\view.php on line 3
[Sun Sep 15 00:55:55.008812 2024] [php:warn] [pid 7648:tid 1888] [client ::1:53390] PHP Warning:  require_once(C:\\moodle-1-carls-plugin-example\\server\\moodle\\local\\message\\makekahoot/../../config.php): Failed to open stream: No such file or directory in C:\\moodle-1-carls-plugin-example\\server\\moodle\\local\\message\\makekahoot\\view.php on line 3
[Sun Sep 15 00:55:55.008812 2024] [php:error] [pid 7648:tid 1888] [client ::1:53390] PHP Fatal error:  Uncaught Error: Failed opening required 'C:\\moodle-1-carls-plugin-example\\server\\moodle\\local\\message\\makekahoot/../../config.php' (include_path='C:\\moodle-1-carls-plugin-example\\server\\php\\PEAR') in C:\\moodle-1-carls-plugin-example\\server\\moodle\\local\\message\\makekahoot\\view.php:3\nStack trace:\n#0 {main}\n  thrown in C:\\moodle-1-carls-plugin-example\\server\\moodle\\local\\message\\makekahoot\\view.php on line 3
[Sun Sep 15 00:55:55.520811 2024] [php:warn] [pid 7648:tid 1896] [client ::1:53376] PHP Warning:  require_once(C:\\moodle-1-carls-plugin-example\\server\\moodle\\local\\message\\makekahoot/../../config.php): Failed to open stream: No such file or directory in C:\\moodle-1-carls-plugin-example\\server\\moodle\\local\\message\\makekahoot\\view.php on line 3
[Sun Sep 15 00:55:55.520811 2024] [php:error] [pid 7648:tid 1896] [client ::1:53376] PHP Fatal error:  Uncaught Error: Failed opening required 'C:\\moodle-1-carls-plugin-example\\server\\moodle\\local\\message\\makekahoot/../../config.php' (include_path='C:\\moodle-1-carls-plugin-example\\server\\php\\PEAR') in C:\\moodle-1-carls-plugin-example\\server\\moodle\\local\\message\\makekahoot\\view.php:3\nStack trace:\n#0 {main}\n  thrown in C:\\moodle-1-carls-plugin-example\\server\\moodle\\local\\message\\makekahoot\\view.php on line 3
[Sun Sep 15 00:55:55.716859 2024] [php:warn] [pid 7648:tid 1896] [client ::1:53395] PHP Warning:  require_once(C:\\moodle-1-carls-plugin-example\\server\\moodle\\local\\message\\makekahoot/../../config.php): Failed to open stream: No such file or directory in C:\\moodle-1-carls-plugin-example\\server\\moodle\\local\\message\\makekahoot\\view.php on line 3
[Sun Sep 15 00:55:55.717859 2024] [php:error] [pid 7648:tid 1896] [client ::1:53395] PHP Fatal error:  Uncaught Error: Failed opening required 'C:\\moodle-1-carls-plugin-example\\server\\moodle\\local\\message\\makekahoot/../../config.php' (include_path='C:\\moodle-1-carls-plugin-example\\server\\php\\PEAR') in C:\\moodle-1-carls-plugin-example\\server\\moodle\\local\\message\\makekahoot\\view.php:3\nStack trace:\n#0 {main}\n  thrown in C:\\moodle-1-carls-plugin-example\\server\\moodle\\local\\message\\makekahoot\\view.php on line 3
[Sun Sep 15 00:55:55.898858 2024] [php:warn] [pid 7648:tid 1896] [client ::1:53396] PHP Warning:  require_once(C:\\moodle-1-carls-plugin-example\\server\\moodle\\local\\message\\makekahoot/../../config.php): Failed to open stream: No such file or directory in C:\\moodle-1-carls-plugin-example\\server\\moodle\\local\\message\\makekahoot\\view.php on line 3
[Sun Sep 15 00:55:55.898858 2024] [php:error] [pid 7648:tid 1896] [client ::1:53396] PHP Fatal error:  Uncaught Error: Failed opening required 'C:\\moodle-1-carls-plugin-example\\server\\moodle\\local\\message\\makekahoot/../../config.php' (include_path='C:\\moodle-1-carls-plugin-example\\server\\php\\PEAR') in C:\\moodle-1-carls-plugin-example\\server\\moodle\\local\\message\\makekahoot\\view.php:3\nStack trace:\n#0 {main}\n  thrown in C:\\moodle-1-carls-plugin-example\\server\\moodle\\local\\message\\makekahoot\\view.php on line 3
[Sun Sep 15 00:55:56.101859 2024] [php:warn] [pid 7648:tid 1892] [client ::1:53389] PHP Warning:  require_once(C:\\moodle-1-carls-plugin-example\\server\\moodle\\local\\message\\makekahoot/../../config.php): Failed to open stream: No such file or directory in C:\\moodle-1-carls-plugin-example\\server\\moodle\\local\\message\\makekahoot\\view.php on line 3
[Sun Sep 15 00:55:56.101859 2024] [php:error] [pid 7648:tid 1892] [client ::1:53389] PHP Fatal error:  Uncaught Error: Failed opening required 'C:\\moodle-1-carls-plugin-example\\server\\moodle\\local\\message\\makekahoot/../../config.php' (include_path='C:\\moodle-1-carls-plugin-example\\server\\php\\PEAR') in C:\\moodle-1-carls-plugin-example\\server\\moodle\\local\\message\\makekahoot\\view.php:3\nStack trace:\n#0 {main}\n  thrown in C:\\moodle-1-carls-plugin-example\\server\\moodle\\local\\message\\makekahoot\\view.php on line 3
[Sun Sep 15 00:55:56.309859 2024] [php:warn] [pid 7648:tid 1900] [client ::1:53371] PHP Warning:  require_once(C:\\moodle-1-carls-plugin-example\\server\\moodle\\local\\message\\makekahoot/../../config.php): Failed to open stream: No such file or directory in C:\\moodle-1-carls-plugin-example\\server\\moodle\\local\\message\\makekahoot\\view.php on line 3
[Sun Sep 15 00:55:56.309859 2024] [php:error] [pid 7648:tid 1900] [client ::1:53371] PHP Fatal error:  Uncaught Error: Failed opening required 'C:\\moodle-1-carls-plugin-example\\server\\moodle\\local\\message\\makekahoot/../../config.php' (include_path='C:\\moodle-1-carls-plugin-example\\server\\php\\PEAR') in C:\\moodle-1-carls-plugin-example\\server\\moodle\\local\\message\\makekahoot\\view.php:3\nStack trace:\n#0 {main}\n  thrown in C:\\moodle-1-carls-plugin-example\\server\\moodle\\local\\message\\makekahoot\\view.php on line 3
[Sun Sep 15 00:55:56.523850 2024] [php:warn] [pid 7648:tid 1892] [client ::1:53398] PHP Warning:  require_once(C:\\moodle-1-carls-plugin-example\\server\\moodle\\local\\message\\makekahoot/../../config.php): Failed to open stream: No such file or directory in C:\\moodle-1-carls-plugin-example\\server\\moodle\\local\\message\\makekahoot\\view.php on line 3
[Sun Sep 15 00:55:56.523850 2024] [php:error] [pid 7648:tid 1892] [client ::1:53398] PHP Fatal error:  Uncaught Error: Failed opening required 'C:\\moodle-1-carls-plugin-example\\server\\moodle\\local\\message\\makekahoot/../../config.php' (include_path='C:\\moodle-1-carls-plugin-example\\server\\php\\PEAR') in C:\\moodle-1-carls-plugin-example\\server\\moodle\\local\\message\\makekahoot\\view.php:3\nStack trace:\n#0 {main}\n  thrown in C:\\moodle-1-carls-plugin-example\\server\\moodle\\local\\message\\makekahoot\\view.php on line 3
[Sun Sep 15 00:55:56.699870 2024] [php:warn] [pid 7648:tid 1900] [client ::1:53399] PHP Warning:  require_once(C:\\moodle-1-carls-plugin-example\\server\\moodle\\local\\message\\makekahoot/../../config.php): Failed to open stream: No such file or directory in C:\\moodle-1-carls-plugin-example\\server\\moodle\\local\\message\\makekahoot\\view.php on line 3
[Sun Sep 15 00:55:56.700871 2024] [php:error] [pid 7648:tid 1900] [client ::1:53399] PHP Fatal error:  Uncaught Error: Failed opening required 'C:\\moodle-1-carls-plugin-example\\server\\moodle\\local\\message\\makekahoot/../../config.php' (include_path='C:\\moodle-1-carls-plugin-example\\server\\php\\PEAR') in C:\\moodle-1-carls-plugin-example\\server\\moodle\\local\\message\\makekahoot\\view.php:3\nStack trace:\n#0 {main}\n  thrown in C:\\moodle-1-carls-plugin-example\\server\\moodle\\local\\message\\makekahoot\\view.php on line 3
[Sun Sep 15 00:55:59.148127 2024] [mpm_winnt:notice] [pid 7824:tid 460] AH00422: Parent: Received shutdown signal -- Shutting down the server.
[Sun Sep 15 00:56:05.756197 2024] [mpm_winnt:notice] [pid 7648:tid 468] AH00364: Child: All worker threads have exited.
[Sun Sep 15 00:56:05.792788 2024] [mpm_winnt:notice] [pid 7824:tid 460] AH00430: Parent: Child process 7648 exited successfully.
[Sun Sep 15 00:56:24.210857 2024] [ssl:warn] [pid 16684:tid 472] AH01909: www.example.com:443:0 server certificate does NOT include an ID which matches the server name
[Sun Sep 15 00:56:24.233861 2024] [ssl:warn] [pid 16684:tid 472] AH01909: www.example.com:443:0 server certificate does NOT include an ID which matches the server name
[Sun Sep 15 00:56:24.259857 2024] [mpm_winnt:notice] [pid 16684:tid 472] AH00455: Apache/2.4.56 (Win64) OpenSSL/1.1.1t PHP/8.2.4 configured -- resuming normal operations
[Sun Sep 15 00:56:24.259857 2024] [mpm_winnt:notice] [pid 16684:tid 472] AH00456: Apache Lounge VS16 Server built: Mar  7 2023 13:21:03
[Sun Sep 15 00:56:24.259857 2024] [core:notice] [pid 16684:tid 472] AH00094: Command line: 'apache\\bin\\httpd.exe -d C:/moodle-1-carls-plugin-example/server/apache -f conf\\httpd.conf'
[Sun Sep 15 00:56:24.262859 2024] [mpm_winnt:notice] [pid 16684:tid 472] AH00418: Parent: Created child process 23128
[Sun Sep 15 00:56:24.500860 2024] [ssl:warn] [pid 23128:tid 468] AH01909: www.example.com:443:0 server certificate does NOT include an ID which matches the server name
[Sun Sep 15 00:56:24.522857 2024] [ssl:warn] [pid 23128:tid 468] AH01909: www.example.com:443:0 server certificate does NOT include an ID which matches the server name
[Sun Sep 15 00:56:24.547859 2024] [mpm_winnt:notice] [pid 23128:tid 468] AH00354: Child: Starting 150 worker threads.
[Sun Sep 15 00:56:51.501558 2024] [php:warn] [pid 23128:tid 1920] [client ::1:53432] PHP Warning:  require_once(C:\\moodle-1-carls-plugin-example\\server\\moodle\\local\\message\\makekahoot/../../config.php): Failed to open stream: No such file or directory in C:\\moodle-1-carls-plugin-example\\server\\moodle\\local\\message\\makekahoot\\view.php on line 3
[Sun Sep 15 00:56:51.501558 2024] [php:error] [pid 23128:tid 1920] [client ::1:53432] PHP Fatal error:  Uncaught Error: Failed opening required 'C:\\moodle-1-carls-plugin-example\\server\\moodle\\local\\message\\makekahoot/../../config.php' (include_path='C:\\moodle-1-carls-plugin-example\\server\\php\\PEAR') in C:\\moodle-1-carls-plugin-example\\server\\moodle\\local\\message\\makekahoot\\view.php:3\nStack trace:\n#0 {main}\n  thrown in C:\\moodle-1-carls-plugin-example\\server\\moodle\\local\\message\\makekahoot\\view.php on line 3
[Sun Sep 15 00:57:43.984515 2024] [php:warn] [pid 23128:tid 1948] [client ::1:53466] PHP Warning:  require_once(C:\\moodle-1-carls-plugin-example\\server\\moodle\\local\\message\\makekahoot/../../config.php): Failed to open stream: No such file or directory in C:\\moodle-1-carls-plugin-example\\server\\moodle\\local\\message\\makekahoot\\view.php on line 3
[Sun Sep 15 00:57:43.984515 2024] [php:error] [pid 23128:tid 1948] [client ::1:53466] PHP Fatal error:  Uncaught Error: Failed opening required 'C:\\moodle-1-carls-plugin-example\\server\\moodle\\local\\message\\makekahoot/../../config.php' (include_path='C:\\moodle-1-carls-plugin-example\\server\\php\\PEAR') in C:\\moodle-1-carls-plugin-example\\server\\moodle\\local\\message\\makekahoot\\view.php:3\nStack trace:\n#0 {main}\n  thrown in C:\\moodle-1-carls-plugin-example\\server\\moodle\\local\\message\\makekahoot\\view.php on line 3
[Sun Sep 15 00:57:45.435309 2024] [php:warn] [pid 23128:tid 1920] [client ::1:53467] PHP Warning:  require_once(C:\\moodle-1-carls-plugin-example\\server\\moodle\\local\\message\\makekahoot/../../config.php): Failed to open stream: No such file or directory in C:\\moodle-1-carls-plugin-example\\server\\moodle\\local\\message\\makekahoot\\view.php on line 3
[Sun Sep 15 00:57:45.435309 2024] [php:error] [pid 23128:tid 1920] [client ::1:53467] PHP Fatal error:  Uncaught Error: Failed opening required 'C:\\moodle-1-carls-plugin-example\\server\\moodle\\local\\message\\makekahoot/../../config.php' (include_path='C:\\moodle-1-carls-plugin-example\\server\\php\\PEAR') in C:\\moodle-1-carls-plugin-example\\server\\moodle\\local\\message\\makekahoot\\view.php:3\nStack trace:\n#0 {main}\n  thrown in C:\\moodle-1-carls-plugin-example\\server\\moodle\\local\\message\\makekahoot\\view.php on line 3
[Sun Sep 15 00:57:51.678211 2024] [mpm_winnt:notice] [pid 16684:tid 472] AH00422: Parent: Received shutdown signal -- Shutting down the server.
[Sun Sep 15 00:58:21.690182 2024] [mpm_winnt:notice] [pid 16684:tid 472] AH00431: Parent: Forcing termination of child process 23128
[Sun Sep 15 00:58:29.003721 2024] [ssl:warn] [pid 6208:tid 448] AH01909: www.example.com:443:0 server certificate does NOT include an ID which matches the server name
[Sun Sep 15 00:58:29.028720 2024] [ssl:warn] [pid 6208:tid 448] AH01909: www.example.com:443:0 server certificate does NOT include an ID which matches the server name
[Sun Sep 15 00:58:29.053720 2024] [mpm_winnt:notice] [pid 6208:tid 448] AH00455: Apache/2.4.56 (Win64) OpenSSL/1.1.1t PHP/8.2.4 configured -- resuming normal operations
[Sun Sep 15 00:58:29.053720 2024] [mpm_winnt:notice] [pid 6208:tid 448] AH00456: Apache Lounge VS16 Server built: Mar  7 2023 13:21:03
[Sun Sep 15 00:58:29.053720 2024] [core:notice] [pid 6208:tid 448] AH00094: Command line: 'apache\\bin\\httpd.exe -d C:/moodle-1-carls-plugin-example/server/apache -f conf\\httpd.conf'
[Sun Sep 15 00:58:29.057720 2024] [mpm_winnt:notice] [pid 6208:tid 448] AH00418: Parent: Created child process 15828
[Sun Sep 15 00:58:29.308720 2024] [ssl:warn] [pid 15828:tid 484] AH01909: www.example.com:443:0 server certificate does NOT include an ID which matches the server name
[Sun Sep 15 00:58:29.331721 2024] [ssl:warn] [pid 15828:tid 484] AH01909: www.example.com:443:0 server certificate does NOT include an ID which matches the server name
[Sun Sep 15 00:58:29.358721 2024] [mpm_winnt:notice] [pid 15828:tid 484] AH00354: Child: Starting 150 worker threads.
[Sun Sep 15 00:58:32.526805 2024] [php:warn] [pid 15828:tid 1924] [client ::1:53480] PHP Warning:  require_once(C:\\moodle-1-carls-plugin-example\\server\\moodle\\local\\message\\makekahoot/../../config.php): Failed to open stream: No such file or directory in C:\\moodle-1-carls-plugin-example\\server\\moodle\\local\\message\\makekahoot\\view.php on line 3
[Sun Sep 15 00:58:32.526805 2024] [php:error] [pid 15828:tid 1924] [client ::1:53480] PHP Fatal error:  Uncaught Error: Failed opening required 'C:\\moodle-1-carls-plugin-example\\server\\moodle\\local\\message\\makekahoot/../../config.php' (include_path='C:\\moodle-1-carls-plugin-example\\server\\php\\PEAR') in C:\\moodle-1-carls-plugin-example\\server\\moodle\\local\\message\\makekahoot\\view.php:3\nStack trace:\n#0 {main}\n  thrown in C:\\moodle-1-carls-plugin-example\\server\\moodle\\local\\message\\makekahoot\\view.php on line 3
[Sun Sep 15 00:58:33.638315 2024] [php:warn] [pid 15828:tid 1896] [client ::1:53481] PHP Warning:  require_once(C:\\moodle-1-carls-plugin-example\\server\\moodle\\local\\message\\makekahoot/../../config.php): Failed to open stream: No such file or directory in C:\\moodle-1-carls-plugin-example\\server\\moodle\\local\\message\\makekahoot\\view.php on line 3
[Sun Sep 15 00:58:33.638315 2024] [php:error] [pid 15828:tid 1896] [client ::1:53481] PHP Fatal error:  Uncaught Error: Failed opening required 'C:\\moodle-1-carls-plugin-example\\server\\moodle\\local\\message\\makekahoot/../../config.php' (include_path='C:\\moodle-1-carls-plugin-example\\server\\php\\PEAR') in C:\\moodle-1-carls-plugin-example\\server\\moodle\\local\\message\\makekahoot\\view.php:3\nStack trace:\n#0 {main}\n  thrown in C:\\moodle-1-carls-plugin-example\\server\\moodle\\local\\message\\makekahoot\\view.php on line 3
[Sun Sep 15 00:58:34.103007 2024] [php:warn] [pid 15828:tid 1924] [client ::1:53482] PHP Warning:  require_once(C:\\moodle-1-carls-plugin-example\\server\\moodle\\local\\message\\makekahoot/../../config.php): Failed to open stream: No such file or directory in C:\\moodle-1-carls-plugin-example\\server\\moodle\\local\\message\\makekahoot\\view.php on line 3
[Sun Sep 15 00:58:34.103007 2024] [php:error] [pid 15828:tid 1924] [client ::1:53482] PHP Fatal error:  Uncaught Error: Failed opening required 'C:\\moodle-1-carls-plugin-example\\server\\moodle\\local\\message\\makekahoot/../../config.php' (include_path='C:\\moodle-1-carls-plugin-example\\server\\php\\PEAR') in C:\\moodle-1-carls-plugin-example\\server\\moodle\\local\\message\\makekahoot\\view.php:3\nStack trace:\n#0 {main}\n  thrown in C:\\moodle-1-carls-plugin-example\\server\\moodle\\local\\message\\makekahoot\\view.php on line 3
[Sun Sep 15 00:58:34.274077 2024] [php:warn] [pid 15828:tid 1896] [client ::1:53483] PHP Warning:  require_once(C:\\moodle-1-carls-plugin-example\\server\\moodle\\local\\message\\makekahoot/../../config.php): Failed to open stream: No such file or directory in C:\\moodle-1-carls-plugin-example\\server\\moodle\\local\\message\\makekahoot\\view.php on line 3
[Sun Sep 15 00:58:34.274077 2024] [php:error] [pid 15828:tid 1896] [client ::1:53483] PHP Fatal error:  Uncaught Error: Failed opening required 'C:\\moodle-1-carls-plugin-example\\server\\moodle\\local\\message\\makekahoot/../../config.php' (include_path='C:\\moodle-1-carls-plugin-example\\server\\php\\PEAR') in C:\\moodle-1-carls-plugin-example\\server\\moodle\\local\\message\\makekahoot\\view.php:3\nStack trace:\n#0 {main}\n  thrown in C:\\moodle-1-carls-plugin-example\\server\\moodle\\local\\message\\makekahoot\\view.php on line 3
[Sun Sep 15 00:58:34.443172 2024] [php:warn] [pid 15828:tid 1924] [client ::1:53484] PHP Warning:  require_once(C:\\moodle-1-carls-plugin-example\\server\\moodle\\local\\message\\makekahoot/../../config.php): Failed to open stream: No such file or directory in C:\\moodle-1-carls-plugin-example\\server\\moodle\\local\\message\\makekahoot\\view.php on line 3
[Sun Sep 15 00:58:34.443172 2024] [php:error] [pid 15828:tid 1924] [client ::1:53484] PHP Fatal error:  Uncaught Error: Failed opening required 'C:\\moodle-1-carls-plugin-example\\server\\moodle\\local\\message\\makekahoot/../../config.php' (include_path='C:\\moodle-1-carls-plugin-example\\server\\php\\PEAR') in C:\\moodle-1-carls-plugin-example\\server\\moodle\\local\\message\\makekahoot\\view.php:3\nStack trace:\n#0 {main}\n  thrown in C:\\moodle-1-carls-plugin-example\\server\\moodle\\local\\message\\makekahoot\\view.php on line 3
[Sun Sep 15 00:58:34.606785 2024] [php:warn] [pid 15828:tid 1896] [client ::1:53485] PHP Warning:  require_once(C:\\moodle-1-carls-plugin-example\\server\\moodle\\local\\message\\makekahoot/../../config.php): Failed to open stream: No such file or directory in C:\\moodle-1-carls-plugin-example\\server\\moodle\\local\\message\\makekahoot\\view.php on line 3
[Sun Sep 15 00:58:34.606785 2024] [php:error] [pid 15828:tid 1896] [client ::1:53485] PHP Fatal error:  Uncaught Error: Failed opening required 'C:\\moodle-1-carls-plugin-example\\server\\moodle\\local\\message\\makekahoot/../../config.php' (include_path='C:\\moodle-1-carls-plugin-example\\server\\php\\PEAR') in C:\\moodle-1-carls-plugin-example\\server\\moodle\\local\\message\\makekahoot\\view.php:3\nStack trace:\n#0 {main}\n  thrown in C:\\moodle-1-carls-plugin-example\\server\\moodle\\local\\message\\makekahoot\\view.php on line 3
[Sun Sep 15 00:58:34.801782 2024] [php:warn] [pid 15828:tid 1924] [client ::1:53486] PHP Warning:  require_once(C:\\moodle-1-carls-plugin-example\\server\\moodle\\local\\message\\makekahoot/../../config.php): Failed to open stream: No such file or directory in C:\\moodle-1-carls-plugin-example\\server\\moodle\\local\\message\\makekahoot\\view.php on line 3
[Sun Sep 15 00:58:34.801782 2024] [php:error] [pid 15828:tid 1924] [client ::1:53486] PHP Fatal error:  Uncaught Error: Failed opening required 'C:\\moodle-1-carls-plugin-example\\server\\moodle\\local\\message\\makekahoot/../../config.php' (include_path='C:\\moodle-1-carls-plugin-example\\server\\php\\PEAR') in C:\\moodle-1-carls-plugin-example\\server\\moodle\\local\\message\\makekahoot\\view.php:3\nStack trace:\n#0 {main}\n  thrown in C:\\moodle-1-carls-plugin-example\\server\\moodle\\local\\message\\makekahoot\\view.php on line 3
[Sun Sep 15 00:58:34.996781 2024] [php:warn] [pid 15828:tid 1896] [client ::1:53487] PHP Warning:  require_once(C:\\moodle-1-carls-plugin-example\\server\\moodle\\local\\message\\makekahoot/../../config.php): Failed to open stream: No such file or directory in C:\\moodle-1-carls-plugin-example\\server\\moodle\\local\\message\\makekahoot\\view.php on line 3
[Sun Sep 15 00:58:34.996781 2024] [php:error] [pid 15828:tid 1896] [client ::1:53487] PHP Fatal error:  Uncaught Error: Failed opening required 'C:\\moodle-1-carls-plugin-example\\server\\moodle\\local\\message\\makekahoot/../../config.php' (include_path='C:\\moodle-1-carls-plugin-example\\server\\php\\PEAR') in C:\\moodle-1-carls-plugin-example\\server\\moodle\\local\\message\\makekahoot\\view.php:3\nStack trace:\n#0 {main}\n  thrown in C:\\moodle-1-carls-plugin-example\\server\\moodle\\local\\message\\makekahoot\\view.php on line 3
[Sun Sep 15 00:58:35.321791 2024] [php:warn] [pid 15828:tid 1924] [client ::1:53488] PHP Warning:  require_once(C:\\moodle-1-carls-plugin-example\\server\\moodle\\local\\message\\makekahoot/../../config.php): Failed to open stream: No such file or directory in C:\\moodle-1-carls-plugin-example\\server\\moodle\\local\\message\\makekahoot\\view.php on line 3
[Sun Sep 15 00:58:35.321791 2024] [php:error] [pid 15828:tid 1924] [client ::1:53488] PHP Fatal error:  Uncaught Error: Failed opening required 'C:\\moodle-1-carls-plugin-example\\server\\moodle\\local\\message\\makekahoot/../../config.php' (include_path='C:\\moodle-1-carls-plugin-example\\server\\php\\PEAR') in C:\\moodle-1-carls-plugin-example\\server\\moodle\\local\\message\\makekahoot\\view.php:3\nStack trace:\n#0 {main}\n  thrown in C:\\moodle-1-carls-plugin-example\\server\\moodle\\local\\message\\makekahoot\\view.php on line 3
[Sun Sep 15 00:58:35.690479 2024] [php:warn] [pid 15828:tid 1896] [client ::1:53489] PHP Warning:  require_once(C:\\moodle-1-carls-plugin-example\\server\\moodle\\local\\message\\makekahoot/../../config.php): Failed to open stream: No such file or directory in C:\\moodle-1-carls-plugin-example\\server\\moodle\\local\\message\\makekahoot\\view.php on line 3
[Sun Sep 15 00:58:35.690479 2024] [php:error] [pid 15828:tid 1896] [client ::1:53489] PHP Fatal error:  Uncaught Error: Failed opening required 'C:\\moodle-1-carls-plugin-example\\server\\moodle\\local\\message\\makekahoot/../../config.php' (include_path='C:\\moodle-1-carls-plugin-example\\server\\php\\PEAR') in C:\\moodle-1-carls-plugin-example\\server\\moodle\\local\\message\\makekahoot\\view.php:3\nStack trace:\n#0 {main}\n  thrown in C:\\moodle-1-carls-plugin-example\\server\\moodle\\local\\message\\makekahoot\\view.php on line 3
[Sun Sep 15 00:58:35.899145 2024] [php:warn] [pid 15828:tid 1924] [client ::1:53490] PHP Warning:  require_once(C:\\moodle-1-carls-plugin-example\\server\\moodle\\local\\message\\makekahoot/../../config.php): Failed to open stream: No such file or directory in C:\\moodle-1-carls-plugin-example\\server\\moodle\\local\\message\\makekahoot\\view.php on line 3
[Sun Sep 15 00:58:35.900145 2024] [php:error] [pid 15828:tid 1924] [client ::1:53490] PHP Fatal error:  Uncaught Error: Failed opening required 'C:\\moodle-1-carls-plugin-example\\server\\moodle\\local\\message\\makekahoot/../../config.php' (include_path='C:\\moodle-1-carls-plugin-example\\server\\php\\PEAR') in C:\\moodle-1-carls-plugin-example\\server\\moodle\\local\\message\\makekahoot\\view.php:3\nStack trace:\n#0 {main}\n  thrown in C:\\moodle-1-carls-plugin-example\\server\\moodle\\local\\message\\makekahoot\\view.php on line 3
[Sun Sep 15 00:58:36.089857 2024] [php:warn] [pid 15828:tid 1896] [client ::1:53491] PHP Warning:  require_once(C:\\moodle-1-carls-plugin-example\\server\\moodle\\local\\message\\makekahoot/../../config.php): Failed to open stream: No such file or directory in C:\\moodle-1-carls-plugin-example\\server\\moodle\\local\\message\\makekahoot\\view.php on line 3
[Sun Sep 15 00:58:36.089857 2024] [php:error] [pid 15828:tid 1896] [client ::1:53491] PHP Fatal error:  Uncaught Error: Failed opening required 'C:\\moodle-1-carls-plugin-example\\server\\moodle\\local\\message\\makekahoot/../../config.php' (include_path='C:\\moodle-1-carls-plugin-example\\server\\php\\PEAR') in C:\\moodle-1-carls-plugin-example\\server\\moodle\\local\\message\\makekahoot\\view.php:3\nStack trace:\n#0 {main}\n  thrown in C:\\moodle-1-carls-plugin-example\\server\\moodle\\local\\message\\makekahoot\\view.php on line 3
[Sun Sep 15 00:58:43.512536 2024] [php:warn] [pid 15828:tid 1896] [client ::1:53493] PHP Warning:  require_once(C:\\moodle-1-carls-plugin-example\\server\\moodle\\local\\message\\makekahoot/../../config.php): Failed to open stream: No such file or directory in C:\\moodle-1-carls-plugin-example\\server\\moodle\\local\\message\\makekahoot\\view.php on line 3
[Sun Sep 15 00:58:43.512536 2024] [php:error] [pid 15828:tid 1896] [client ::1:53493] PHP Fatal error:  Uncaught Error: Failed opening required 'C:\\moodle-1-carls-plugin-example\\server\\moodle\\local\\message\\makekahoot/../../config.php' (include_path='C:\\moodle-1-carls-plugin-example\\server\\php\\PEAR') in C:\\moodle-1-carls-plugin-example\\server\\moodle\\local\\message\\makekahoot\\view.php:3\nStack trace:\n#0 {main}\n  thrown in C:\\moodle-1-carls-plugin-example\\server\\moodle\\local\\message\\makekahoot\\view.php on line 3
[Sun Sep 15 00:58:44.228534 2024] [php:warn] [pid 15828:tid 1896] [client ::1:53498] PHP Warning:  require_once(C:\\moodle-1-carls-plugin-example\\server\\moodle\\local\\message\\makekahoot/../../config.php): Failed to open stream: No such file or directory in C:\\moodle-1-carls-plugin-example\\server\\moodle\\local\\message\\makekahoot\\view.php on line 3
[Sun Sep 15 00:58:44.229535 2024] [php:error] [pid 15828:tid 1896] [client ::1:53498] PHP Fatal error:  Uncaught Error: Failed opening required 'C:\\moodle-1-carls-plugin-example\\server\\moodle\\local\\message\\makekahoot/../../config.php' (include_path='C:\\moodle-1-carls-plugin-example\\server\\php\\PEAR') in C:\\moodle-1-carls-plugin-example\\server\\moodle\\local\\message\\makekahoot\\view.php:3\nStack trace:\n#0 {main}\n  thrown in C:\\moodle-1-carls-plugin-example\\server\\moodle\\local\\message\\makekahoot\\view.php on line 3
[Sun Sep 15 00:58:44.956644 2024] [php:warn] [pid 15828:tid 1896] [client ::1:53499] PHP Warning:  require_once(C:\\moodle-1-carls-plugin-example\\server\\moodle\\local\\message\\makekahoot/../../config.php): Failed to open stream: No such file or directory in C:\\moodle-1-carls-plugin-example\\server\\moodle\\local\\message\\makekahoot\\view.php on line 3
[Sun Sep 15 00:58:44.956644 2024] [php:error] [pid 15828:tid 1896] [client ::1:53499] PHP Fatal error:  Uncaught Error: Failed opening required 'C:\\moodle-1-carls-plugin-example\\server\\moodle\\local\\message\\makekahoot/../../config.php' (include_path='C:\\moodle-1-carls-plugin-example\\server\\php\\PEAR') in C:\\moodle-1-carls-plugin-example\\server\\moodle\\local\\message\\makekahoot\\view.php:3\nStack trace:\n#0 {main}\n  thrown in C:\\moodle-1-carls-plugin-example\\server\\moodle\\local\\message\\makekahoot\\view.php on line 3
[Sun Sep 15 00:58:45.859643 2024] [php:warn] [pid 15828:tid 1924] [client ::1:53492] PHP Warning:  require_once(C:\\moodle-1-carls-plugin-example\\server\\moodle\\local\\message\\makekahoot/../../config.php): Failed to open stream: No such file or directory in C:\\moodle-1-carls-plugin-example\\server\\moodle\\local\\message\\makekahoot\\view.php on line 3
[Sun Sep 15 00:58:45.859643 2024] [php:error] [pid 15828:tid 1924] [client ::1:53492] PHP Fatal error:  Uncaught Error: Failed opening required 'C:\\moodle-1-carls-plugin-example\\server\\moodle\\local\\message\\makekahoot/../../config.php' (include_path='C:\\moodle-1-carls-plugin-example\\server\\php\\PEAR') in C:\\moodle-1-carls-plugin-example\\server\\moodle\\local\\message\\makekahoot\\view.php:3\nStack trace:\n#0 {main}\n  thrown in C:\\moodle-1-carls-plugin-example\\server\\moodle\\local\\message\\makekahoot\\view.php on line 3
[Sun Sep 15 00:58:55.183663 2024] [php:warn] [pid 15828:tid 1924] [client ::1:53507] PHP Warning:  require_once(C:\\moodle-1-carls-plugin-example\\server\\moodle\\local\\message\\makekahoot/../../config.php): Failed to open stream: No such file or directory in C:\\moodle-1-carls-plugin-example\\server\\moodle\\local\\message\\makekahoot\\view.php on line 3
[Sun Sep 15 00:58:55.183663 2024] [php:error] [pid 15828:tid 1924] [client ::1:53507] PHP Fatal error:  Uncaught Error: Failed opening required 'C:\\moodle-1-carls-plugin-example\\server\\moodle\\local\\message\\makekahoot/../../config.php' (include_path='C:\\moodle-1-carls-plugin-example\\server\\php\\PEAR') in C:\\moodle-1-carls-plugin-example\\server\\moodle\\local\\message\\makekahoot\\view.php:3\nStack trace:\n#0 {main}\n  thrown in C:\\moodle-1-carls-plugin-example\\server\\moodle\\local\\message\\makekahoot\\view.php on line 3
[Sun Sep 15 00:58:56.303660 2024] [php:warn] [pid 15828:tid 1896] [client ::1:53500] PHP Warning:  require_once(C:\\moodle-1-carls-plugin-example\\server\\moodle\\local\\message\\makekahoot/../../config.php): Failed to open stream: No such file or directory in C:\\moodle-1-carls-plugin-example\\server\\moodle\\local\\message\\makekahoot\\view.php on line 3
[Sun Sep 15 00:58:56.304660 2024] [php:error] [pid 15828:tid 1896] [client ::1:53500] PHP Fatal error:  Uncaught Error: Failed opening required 'C:\\moodle-1-carls-plugin-example\\server\\moodle\\local\\message\\makekahoot/../../config.php' (include_path='C:\\moodle-1-carls-plugin-example\\server\\php\\PEAR') in C:\\moodle-1-carls-plugin-example\\server\\moodle\\local\\message\\makekahoot\\view.php:3\nStack trace:\n#0 {main}\n  thrown in C:\\moodle-1-carls-plugin-example\\server\\moodle\\local\\message\\makekahoot\\view.php on line 3
[Sun Sep 15 01:00:15.821673 2024] [mpm_winnt:notice] [pid 6208:tid 448] AH00422: Parent: Received shutdown signal -- Shutting down the server.
[Sun Sep 15 01:00:45.825108 2024] [mpm_winnt:notice] [pid 6208:tid 448] AH00431: Parent: Forcing termination of child process 15828
[Sun Sep 15 01:01:16.006240 2024] [ssl:warn] [pid 24240:tid 452] AH01909: www.example.com:443:0 server certificate does NOT include an ID which matches the server name
[Sun Sep 15 01:01:16.033238 2024] [ssl:warn] [pid 24240:tid 452] AH01909: www.example.com:443:0 server certificate does NOT include an ID which matches the server name
[Sun Sep 15 01:01:16.059238 2024] [mpm_winnt:notice] [pid 24240:tid 452] AH00455: Apache/2.4.56 (Win64) OpenSSL/1.1.1t PHP/8.2.4 configured -- resuming normal operations
[Sun Sep 15 01:01:16.059238 2024] [mpm_winnt:notice] [pid 24240:tid 452] AH00456: Apache Lounge VS16 Server built: Mar  7 2023 13:21:03
[Sun Sep 15 01:01:16.059238 2024] [core:notice] [pid 24240:tid 452] AH00094: Command line: 'apache\\bin\\httpd.exe -d C:/moodle-1-carls-plugin-example/server/apache -f conf\\httpd.conf'
[Sun Sep 15 01:01:16.063237 2024] [mpm_winnt:notice] [pid 24240:tid 452] AH00418: Parent: Created child process 7276
[Sun Sep 15 01:01:16.303240 2024] [ssl:warn] [pid 7276:tid 460] AH01909: www.example.com:443:0 server certificate does NOT include an ID which matches the server name
[Sun Sep 15 01:01:16.326240 2024] [ssl:warn] [pid 7276:tid 460] AH01909: www.example.com:443:0 server certificate does NOT include an ID which matches the server name
[Sun Sep 15 01:01:16.352239 2024] [mpm_winnt:notice] [pid 7276:tid 460] AH00354: Child: Starting 150 worker threads.
[Sun Sep 15 01:02:17.548830 2024] [php:warn] [pid 7276:tid 1948] [client ::1:53706] PHP Warning:  require_once(C:\\moodle-1-carls-plugin-example\\server\\moodle\\local\\message\\makekahoot/../../config.php): Failed to open stream: No such file or directory in C:\\moodle-1-carls-plugin-example\\server\\moodle\\local\\message\\makekahoot\\view.php on line 3
[Sun Sep 15 01:02:17.549830 2024] [php:error] [pid 7276:tid 1948] [client ::1:53706] PHP Fatal error:  Uncaught Error: Failed opening required 'C:\\moodle-1-carls-plugin-example\\server\\moodle\\local\\message\\makekahoot/../../config.php' (include_path='C:\\moodle-1-carls-plugin-example\\server\\php\\PEAR') in C:\\moodle-1-carls-plugin-example\\server\\moodle\\local\\message\\makekahoot\\view.php:3\nStack trace:\n#0 {main}\n  thrown in C:\\moodle-1-carls-plugin-example\\server\\moodle\\local\\message\\makekahoot\\view.php on line 3
[Sun Sep 15 01:02:18.383405 2024] [php:warn] [pid 7276:tid 1944] [client ::1:53707] PHP Warning:  require_once(C:\\moodle-1-carls-plugin-example\\server\\moodle\\local\\message\\makekahoot/../../config.php): Failed to open stream: No such file or directory in C:\\moodle-1-carls-plugin-example\\server\\moodle\\local\\message\\makekahoot\\view.php on line 3
[Sun Sep 15 01:02:18.383405 2024] [php:error] [pid 7276:tid 1944] [client ::1:53707] PHP Fatal error:  Uncaught Error: Failed opening required 'C:\\moodle-1-carls-plugin-example\\server\\moodle\\local\\message\\makekahoot/../../config.php' (include_path='C:\\moodle-1-carls-plugin-example\\server\\php\\PEAR') in C:\\moodle-1-carls-plugin-example\\server\\moodle\\local\\message\\makekahoot\\view.php:3\nStack trace:\n#0 {main}\n  thrown in C:\\moodle-1-carls-plugin-example\\server\\moodle\\local\\message\\makekahoot\\view.php on line 3
[Sun Sep 15 01:02:32.573440 2024] [php:warn] [pid 7276:tid 1928] [client ::1:53718] PHP Warning:  require_once(C:\\moodle-1-carls-plugin-example\\server\\moodle\\local\\message\\makekahoot/../../config.php): Failed to open stream: No such file or directory in C:\\moodle-1-carls-plugin-example\\server\\moodle\\local\\message\\makekahoot\\view.php on line 3
[Sun Sep 15 01:02:32.573440 2024] [php:error] [pid 7276:tid 1928] [client ::1:53718] PHP Fatal error:  Uncaught Error: Failed opening required 'C:\\moodle-1-carls-plugin-example\\server\\moodle\\local\\message\\makekahoot/../../config.php' (include_path='C:\\moodle-1-carls-plugin-example\\server\\php\\PEAR') in C:\\moodle-1-carls-plugin-example\\server\\moodle\\local\\message\\makekahoot\\view.php:3\nStack trace:\n#0 {main}\n  thrown in C:\\moodle-1-carls-plugin-example\\server\\moodle\\local\\message\\makekahoot\\view.php on line 3
[Sun Sep 15 01:02:37.809005 2024] [php:warn] [pid 7276:tid 1900] [client ::1:53737] PHP Warning:  require_once(C:\\moodle-1-carls-plugin-example\\server\\moodle\\local\\message\\makekahoot/../../config.php): Failed to open stream: No such file or directory in C:\\moodle-1-carls-plugin-example\\server\\moodle\\local\\message\\makekahoot\\view.php on line 3
[Sun Sep 15 01:02:37.809005 2024] [php:error] [pid 7276:tid 1900] [client ::1:53737] PHP Fatal error:  Uncaught Error: Failed opening required 'C:\\moodle-1-carls-plugin-example\\server\\moodle\\local\\message\\makekahoot/../../config.php' (include_path='C:\\moodle-1-carls-plugin-example\\server\\php\\PEAR') in C:\\moodle-1-carls-plugin-example\\server\\moodle\\local\\message\\makekahoot\\view.php:3\nStack trace:\n#0 {main}\n  thrown in C:\\moodle-1-carls-plugin-example\\server\\moodle\\local\\message\\makekahoot\\view.php on line 3
[Sun Sep 15 01:03:36.578849 2024] [php:warn] [pid 7276:tid 1944] [client ::1:53738] PHP Warning:  require_once(C:\\moodle-1-carls-plugin-example\\server\\moodle\\local\\message\\makekahoot/../../config.php): Failed to open stream: No such file or directory in C:\\moodle-1-carls-plugin-example\\server\\moodle\\local\\message\\makekahoot\\view.php on line 3
[Sun Sep 15 01:03:36.579849 2024] [php:error] [pid 7276:tid 1944] [client ::1:53738] PHP Fatal error:  Uncaught Error: Failed opening required 'C:\\moodle-1-carls-plugin-example\\server\\moodle\\local\\message\\makekahoot/../../config.php' (include_path='C:\\moodle-1-carls-plugin-example\\server\\php\\PEAR') in C:\\moodle-1-carls-plugin-example\\server\\moodle\\local\\message\\makekahoot\\view.php:3\nStack trace:\n#0 {main}\n  thrown in C:\\moodle-1-carls-plugin-example\\server\\moodle\\local\\message\\makekahoot\\view.php on line 3
[Sun Sep 15 01:03:37.240750 2024] [php:warn] [pid 7276:tid 1900] [client ::1:53748] PHP Warning:  require_once(C:\\moodle-1-carls-plugin-example\\server\\moodle\\local\\message\\makekahoot/../../config.php): Failed to open stream: No such file or directory in C:\\moodle-1-carls-plugin-example\\server\\moodle\\local\\message\\makekahoot\\view.php on line 3
[Sun Sep 15 01:03:37.241749 2024] [php:error] [pid 7276:tid 1900] [client ::1:53748] PHP Fatal error:  Uncaught Error: Failed opening required 'C:\\moodle-1-carls-plugin-example\\server\\moodle\\local\\message\\makekahoot/../../config.php' (include_path='C:\\moodle-1-carls-plugin-example\\server\\php\\PEAR') in C:\\moodle-1-carls-plugin-example\\server\\moodle\\local\\message\\makekahoot\\view.php:3\nStack trace:\n#0 {main}\n  thrown in C:\\moodle-1-carls-plugin-example\\server\\moodle\\local\\message\\makekahoot\\view.php on line 3
[Sun Sep 15 01:03:37.439748 2024] [php:warn] [pid 7276:tid 1944] [client ::1:53750] PHP Warning:  require_once(C:\\moodle-1-carls-plugin-example\\server\\moodle\\local\\message\\makekahoot/../../config.php): Failed to open stream: No such file or directory in C:\\moodle-1-carls-plugin-example\\server\\moodle\\local\\message\\makekahoot\\view.php on line 3
[Sun Sep 15 01:03:37.439748 2024] [php:error] [pid 7276:tid 1944] [client ::1:53750] PHP Fatal error:  Uncaught Error: Failed opening required 'C:\\moodle-1-carls-plugin-example\\server\\moodle\\local\\message\\makekahoot/../../config.php' (include_path='C:\\moodle-1-carls-plugin-example\\server\\php\\PEAR') in C:\\moodle-1-carls-plugin-example\\server\\moodle\\local\\message\\makekahoot\\view.php:3\nStack trace:\n#0 {main}\n  thrown in C:\\moodle-1-carls-plugin-example\\server\\moodle\\local\\message\\makekahoot\\view.php on line 3
[Sun Sep 15 01:03:41.725073 2024] [mpm_winnt:notice] [pid 24240:tid 452] AH00422: Parent: Received shutdown signal -- Shutting down the server.
[Sun Sep 15 01:04:11.726244 2024] [mpm_winnt:notice] [pid 24240:tid 452] AH00431: Parent: Forcing termination of child process 7276
[Sun Sep 15 01:05:04.731280 2024] [ssl:warn] [pid 28596:tid 484] AH01909: www.example.com:443:0 server certificate does NOT include an ID which matches the server name
[Sun Sep 15 01:05:04.754280 2024] [ssl:warn] [pid 28596:tid 484] AH01909: www.example.com:443:0 server certificate does NOT include an ID which matches the server name
[Sun Sep 15 01:05:04.782280 2024] [mpm_winnt:notice] [pid 28596:tid 484] AH00455: Apache/2.4.56 (Win64) OpenSSL/1.1.1t PHP/8.2.4 configured -- resuming normal operations
[Sun Sep 15 01:05:04.782280 2024] [mpm_winnt:notice] [pid 28596:tid 484] AH00456: Apache Lounge VS16 Server built: Mar  7 2023 13:21:03
[Sun Sep 15 01:05:04.782280 2024] [core:notice] [pid 28596:tid 484] AH00094: Command line: 'apache\\bin\\httpd.exe -d C:/moodle-1-carls-plugin-example/server/apache -f conf\\httpd.conf'
[Sun Sep 15 01:05:04.785280 2024] [mpm_winnt:notice] [pid 28596:tid 484] AH00418: Parent: Created child process 25848
[Sun Sep 15 01:05:05.022281 2024] [ssl:warn] [pid 25848:tid 448] AH01909: www.example.com:443:0 server certificate does NOT include an ID which matches the server name
[Sun Sep 15 01:05:05.044280 2024] [ssl:warn] [pid 25848:tid 448] AH01909: www.example.com:443:0 server certificate does NOT include an ID which matches the server name
[Sun Sep 15 01:05:05.070280 2024] [mpm_winnt:notice] [pid 25848:tid 448] AH00354: Child: Starting 150 worker threads.
[Sun Sep 15 01:14:09.676931 2024] [mpm_winnt:notice] [pid 28596:tid 484] AH00422: Parent: Received shutdown signal -- Shutting down the server.
[Sun Sep 15 01:14:12.459458 2024] [mpm_winnt:notice] [pid 25848:tid 448] AH00364: Child: All worker threads have exited.
[Sun Sep 15 01:14:12.498458 2024] [mpm_winnt:notice] [pid 28596:tid 484] AH00430: Parent: Child process 25848 exited successfully.
[Sun Sep 15 01:14:54.573436 2024] [ssl:warn] [pid 19948:tid 476] AH01909: www.example.com:443:0 server certificate does NOT include an ID which matches the server name
[Sun Sep 15 01:14:54.602435 2024] [ssl:warn] [pid 19948:tid 476] AH01909: www.example.com:443:0 server certificate does NOT include an ID which matches the server name
[Sun Sep 15 01:14:54.628437 2024] [mpm_winnt:notice] [pid 19948:tid 476] AH00455: Apache/2.4.56 (Win64) OpenSSL/1.1.1t PHP/8.2.4 configured -- resuming normal operations
[Sun Sep 15 01:14:54.628437 2024] [mpm_winnt:notice] [pid 19948:tid 476] AH00456: Apache Lounge VS16 Server built: Mar  7 2023 13:21:03
[Sun Sep 15 01:14:54.628437 2024] [core:notice] [pid 19948:tid 476] AH00094: Command line: 'apache\\bin\\httpd.exe -d C:/moodle-1-carls-plugin-example/server/apache -f conf\\httpd.conf'
[Sun Sep 15 01:14:54.632435 2024] [mpm_winnt:notice] [pid 19948:tid 476] AH00418: Parent: Created child process 27700
[Sun Sep 15 01:14:54.883435 2024] [ssl:warn] [pid 27700:tid 452] AH01909: www.example.com:443:0 server certificate does NOT include an ID which matches the server name
[Sun Sep 15 01:14:54.906435 2024] [ssl:warn] [pid 27700:tid 452] AH01909: www.example.com:443:0 server certificate does NOT include an ID which matches the server name
[Sun Sep 15 01:14:54.932435 2024] [mpm_winnt:notice] [pid 27700:tid 452] AH00354: Child: Starting 150 worker threads.
[Sun Sep 15 01:24:42.911990 2024] [mpm_winnt:notice] [pid 19948:tid 476] AH00422: Parent: Received shutdown signal -- Shutting down the server.
[Sun Sep 15 01:24:47.446130 2024] [mpm_winnt:notice] [pid 27700:tid 452] AH00364: Child: All worker threads have exited.
[Sun Sep 15 01:24:47.486131 2024] [mpm_winnt:notice] [pid 19948:tid 476] AH00430: Parent: Child process 27700 exited successfully.
[Sun Sep 15 01:25:12.606466 2024] [ssl:warn] [pid 26664:tid 464] AH01909: www.example.com:443:0 server certificate does NOT include an ID which matches the server name
[Sun Sep 15 01:25:12.631465 2024] [ssl:warn] [pid 26664:tid 464] AH01909: www.example.com:443:0 server certificate does NOT include an ID which matches the server name
[Sun Sep 15 01:25:12.656466 2024] [mpm_winnt:notice] [pid 26664:tid 464] AH00455: Apache/2.4.56 (Win64) OpenSSL/1.1.1t PHP/8.2.4 configured -- resuming normal operations
[Sun Sep 15 01:25:12.656466 2024] [mpm_winnt:notice] [pid 26664:tid 464] AH00456: Apache Lounge VS16 Server built: Mar  7 2023 13:21:03
[Sun Sep 15 01:25:12.656466 2024] [core:notice] [pid 26664:tid 464] AH00094: Command line: 'apache\\bin\\httpd.exe -d C:/moodle-1-carls-plugin-example/server/apache -f conf\\httpd.conf'
[Sun Sep 15 01:25:12.660467 2024] [mpm_winnt:notice] [pid 26664:tid 464] AH00418: Parent: Created child process 15656
[Sun Sep 15 01:25:12.902466 2024] [ssl:warn] [pid 15656:tid 456] AH01909: www.example.com:443:0 server certificate does NOT include an ID which matches the server name
[Sun Sep 15 01:25:12.925466 2024] [ssl:warn] [pid 15656:tid 456] AH01909: www.example.com:443:0 server certificate does NOT include an ID which matches the server name
[Sun Sep 15 01:25:12.950467 2024] [mpm_winnt:notice] [pid 15656:tid 456] AH00354: Child: Starting 150 worker threads.
[Sun Sep 15 01:30:41.270439 2024] [mpm_winnt:notice] [pid 26664:tid 464] AH00422: Parent: Received shutdown signal -- Shutting down the server.
[Sun Sep 15 01:30:43.287607 2024] [mpm_winnt:notice] [pid 15656:tid 456] AH00364: Child: All worker threads have exited.
[Sun Sep 15 01:30:43.326607 2024] [mpm_winnt:notice] [pid 26664:tid 464] AH00430: Parent: Child process 15656 exited successfully.
[Sun Sep 15 01:31:11.006639 2024] [ssl:warn] [pid 22168:tid 468] AH01909: www.example.com:443:0 server certificate does NOT include an ID which matches the server name
[Sun Sep 15 01:31:11.030639 2024] [ssl:warn] [pid 22168:tid 468] AH01909: www.example.com:443:0 server certificate does NOT include an ID which matches the server name
[Sun Sep 15 01:31:11.055638 2024] [mpm_winnt:notice] [pid 22168:tid 468] AH00455: Apache/2.4.56 (Win64) OpenSSL/1.1.1t PHP/8.2.4 configured -- resuming normal operations
[Sun Sep 15 01:31:11.055638 2024] [mpm_winnt:notice] [pid 22168:tid 468] AH00456: Apache Lounge VS16 Server built: Mar  7 2023 13:21:03
[Sun Sep 15 01:31:11.055638 2024] [core:notice] [pid 22168:tid 468] AH00094: Command line: 'apache\\bin\\httpd.exe -d C:/moodle-1-carls-plugin-example/server/apache -f conf\\httpd.conf'
[Sun Sep 15 01:31:11.059639 2024] [mpm_winnt:notice] [pid 22168:tid 468] AH00418: Parent: Created child process 8176
[Sun Sep 15 01:31:11.299646 2024] [ssl:warn] [pid 8176:tid 444] AH01909: www.example.com:443:0 server certificate does NOT include an ID which matches the server name
[Sun Sep 15 01:31:11.322648 2024] [ssl:warn] [pid 8176:tid 444] AH01909: www.example.com:443:0 server certificate does NOT include an ID which matches the server name
[Sun Sep 15 01:31:11.347647 2024] [mpm_winnt:notice] [pid 8176:tid 444] AH00354: Child: Starting 150 worker threads.
[Sun Sep 15 01:35:35.305060 2024] [mpm_winnt:notice] [pid 22168:tid 468] AH00422: Parent: Received shutdown signal -- Shutting down the server.
[Sun Sep 15 01:36:05.307841 2024] [mpm_winnt:notice] [pid 22168:tid 468] AH00431: Parent: Forcing termination of child process 8176
[Sun Sep 15 01:36:26.339571 2024] [ssl:warn] [pid 28012:tid 448] AH01909: www.example.com:443:0 server certificate does NOT include an ID which matches the server name
[Sun Sep 15 01:36:26.364574 2024] [ssl:warn] [pid 28012:tid 448] AH01909: www.example.com:443:0 server certificate does NOT include an ID which matches the server name
[Sun Sep 15 01:36:26.391571 2024] [mpm_winnt:notice] [pid 28012:tid 448] AH00455: Apache/2.4.56 (Win64) OpenSSL/1.1.1t PHP/8.2.4 configured -- resuming normal operations
[Sun Sep 15 01:36:26.391571 2024] [mpm_winnt:notice] [pid 28012:tid 448] AH00456: Apache Lounge VS16 Server built: Mar  7 2023 13:21:03
[Sun Sep 15 01:36:26.391571 2024] [core:notice] [pid 28012:tid 448] AH00094: Command line: 'apache\\bin\\httpd.exe -d C:/moodle-1-carls-plugin-example/server/apache -f conf\\httpd.conf'
[Sun Sep 15 01:36:26.395571 2024] [mpm_winnt:notice] [pid 28012:tid 448] AH00418: Parent: Created child process 30816
[Sun Sep 15 01:36:26.634571 2024] [ssl:warn] [pid 30816:tid 476] AH01909: www.example.com:443:0 server certificate does NOT include an ID which matches the server name
[Sun Sep 15 01:36:26.657571 2024] [ssl:warn] [pid 30816:tid 476] AH01909: www.example.com:443:0 server certificate does NOT include an ID which matches the server name
[Sun Sep 15 01:36:26.683571 2024] [mpm_winnt:notice] [pid 30816:tid 476] AH00354: Child: Starting 150 worker threads.
[Sun Sep 15 01:39:19.467625 2024] [mpm_winnt:notice] [pid 28012:tid 448] AH00422: Parent: Received shutdown signal -- Shutting down the server.
[Sun Sep 15 01:39:49.472256 2024] [mpm_winnt:notice] [pid 28012:tid 448] AH00431: Parent: Forcing termination of child process 30816
[Sun Sep 15 10:36:42.539637 2024] [ssl:warn] [pid 31456:tid 480] AH01909: www.example.com:443:0 server certificate does NOT include an ID which matches the server name
[Sun Sep 15 10:36:42.566637 2024] [ssl:warn] [pid 31456:tid 480] AH01909: www.example.com:443:0 server certificate does NOT include an ID which matches the server name
[Sun Sep 15 10:36:42.634638 2024] [mpm_winnt:notice] [pid 31456:tid 480] AH00455: Apache/2.4.56 (Win64) OpenSSL/1.1.1t PHP/8.2.4 configured -- resuming normal operations
[Sun Sep 15 10:36:42.634638 2024] [mpm_winnt:notice] [pid 31456:tid 480] AH00456: Apache Lounge VS16 Server built: Mar  7 2023 13:21:03
[Sun Sep 15 10:36:42.634638 2024] [core:notice] [pid 31456:tid 480] AH00094: Command line: 'apache\\bin\\httpd.exe -d C:/moodle-1-carls-plugin-example/server/apache -f conf\\httpd.conf'
[Sun Sep 15 10:36:42.637639 2024] [mpm_winnt:notice] [pid 31456:tid 480] AH00418: Parent: Created child process 23292
[Sun Sep 15 10:36:42.881636 2024] [ssl:warn] [pid 23292:tid 444] AH01909: www.example.com:443:0 server certificate does NOT include an ID which matches the server name
[Sun Sep 15 10:36:42.903636 2024] [ssl:warn] [pid 23292:tid 444] AH01909: www.example.com:443:0 server certificate does NOT include an ID which matches the server name
[Sun Sep 15 10:36:42.929637 2024] [mpm_winnt:notice] [pid 23292:tid 444] AH00354: Child: Starting 150 worker threads.
[Sun Sep 15 10:36:50.384871 2024] [php:error] [pid 23292:tid 1920] [client ::1:58454] script 'C:/moodle-1-carls-plugin-example/server/moodle/local/message/view.php' not found or unable to stat
[Sun Sep 15 10:50:01.268210 2024] [mpm_winnt:notice] [pid 31456:tid 480] AH00422: Parent: Received shutdown signal -- Shutting down the server.
[Sun Sep 15 10:50:03.296916 2024] [mpm_winnt:notice] [pid 23292:tid 444] AH00364: Child: All worker threads have exited.
[Sun Sep 15 10:50:03.343864 2024] [mpm_winnt:notice] [pid 31456:tid 480] AH00430: Parent: Child process 23292 exited successfully.
[Sun Sep 15 10:50:59.926894 2024] [ssl:warn] [pid 13288:tid 464] AH01909: www.example.com:443:0 server certificate does NOT include an ID which matches the server name
[Sun Sep 15 10:50:59.950894 2024] [ssl:warn] [pid 13288:tid 464] AH01909: www.example.com:443:0 server certificate does NOT include an ID which matches the server name
[Sun Sep 15 10:50:59.975892 2024] [mpm_winnt:notice] [pid 13288:tid 464] AH00455: Apache/2.4.56 (Win64) OpenSSL/1.1.1t PHP/8.2.4 configured -- resuming normal operations
[Sun Sep 15 10:50:59.975892 2024] [mpm_winnt:notice] [pid 13288:tid 464] AH00456: Apache Lounge VS16 Server built: Mar  7 2023 13:21:03
[Sun Sep 15 10:50:59.975892 2024] [core:notice] [pid 13288:tid 464] AH00094: Command line: 'apache\\bin\\httpd.exe -d C:/moodle-1-carls-plugin-example/server/apache -f conf\\httpd.conf'
[Sun Sep 15 10:50:59.979893 2024] [mpm_winnt:notice] [pid 13288:tid 464] AH00418: Parent: Created child process 23676
[Sun Sep 15 10:51:00.223887 2024] [ssl:warn] [pid 23676:tid 444] AH01909: www.example.com:443:0 server certificate does NOT include an ID which matches the server name
[Sun Sep 15 10:51:00.245886 2024] [ssl:warn] [pid 23676:tid 444] AH01909: www.example.com:443:0 server certificate does NOT include an ID which matches the server name
[Sun Sep 15 10:51:00.271887 2024] [mpm_winnt:notice] [pid 23676:tid 444] AH00354: Child: Starting 150 worker threads.
